Using pre-set license
Desktop is 1920 x 1080 @ 60 Hz

 COMMAND LINE ARGUMENTS:
Unity
-adb2
-batchMode
-noUpm
-name
AssetImportWorker0
-projectPath
/home/andre/Desktop/Histop贸lio/histopolio/Histopolio
-logFile
Logs/AssetImportWorker0.log
-srvPort
46109
Successfully changed project path to: /home/andre/Desktop/Histop贸lio/histopolio/Histopolio
/home/andre/Desktop/Histop贸lio/histopolio/Histopolio
Using Asset Import Pipeline V2.
Refreshing native plugins compatible for Editor in 46.59 ms, found 1 plugins.
Preloading 0 native plugins for Editor in 0.00 ms.
Initialize engine version: 2020.2.4f1 (becced5a802b)
[Subsystems] Discovering subsystems at path /home/andre/Unity/Hub/Editor/2020.2.4f1/Editor/Data/Resources/UnitySubsystems
[Subsystems] Discovering subsystems at path /home/andre/Desktop/Histop贸lio/histopolio/Histopolio/Assets
GLX Extensions: GLX_EXT_visual_info GLX_EXT_visual_rating GLX_EXT_import_context GLX_SGIX_fbconfig GLX_SGIX_pbuffer GLX_SGI_video_sync GLX_SGI_swap_control GLX_EXT_swap_control GLX_EXT_swap_control_tear GLX_EXT_texture_from_pixmap GLX_EXT_buffer_age GLX_ARB_create_context GLX_ARB_create_context_profile GLX_EXT_create_context_es_profile GLX_EXT_create_context_es2_profile GLX_ARB_create_context_no_error GLX_ARB_create_context_robustness GLX_NV_delay_before_swap GLX_EXT_stereo_tree GLX_ARB_context_flush_control GLX_NV_robustness_video_memory_purge GLX_ARB_multisample GLX_NV_float_buffer GLX_ARB_fbconfig_float GLX_EXT_framebuffer_sRGB GLX_NV_copy_image GLX_ARB_get_proc_address 
Renderer: GeForce GTX 950M/PCIe/SSE2
Vendor:   NVIDIA Corporation
Version:  4.5.0 NVIDIA 396.54
GLES:     0
 GL_AMD_multi_draw_indirect GL_AMD_seamless_cubemap_per_texture GL_ARB_arrays_of_arrays GL_ARB_base_instance GL_ARB_bindless_texture GL_ARB_blend_func_extended GL_ARB_buffer_storage GL_ARB_clear_buffer_object GL_ARB_clear_texture GL_ARB_clip_control GL_ARB_color_buffer_float GL_ARB_compressed_texture_pixel_storage GL_ARB_conservative_depth GL_ARB_compute_shader GL_ARB_compute_variable_group_size GL_ARB_conditional_render_inverted GL_ARB_copy_buffer GL_ARB_copy_image GL_ARB_cull_distance GL_ARB_debug_output GL_ARB_depth_buffer_float GL_ARB_depth_clamp GL_ARB_depth_texture GL_ARB_derivative_control GL_ARB_direct_state_access GL_ARB_draw_buffers GL_ARB_draw_buffers_blend GL_ARB_draw_indirect GL_ARB_draw_elements_base_vertex GL_ARB_draw_instanced GL_ARB_enhanced_layouts GL_ARB_ES2_compatibility GL_ARB_ES3_compatibility GL_ARB_ES3_1_compatibility GL_ARB_ES3_2_compatibility GL_ARB_explicit_attrib_location GL_ARB_explicit_uniform_location GL_ARB_fragment_coord_conventions GL_ARB_fragment_layer_viewport GL_ARB_fragm
ent_program GL_ARB_fragment_program_shadow GL_ARB_fragment_shader GL_ARB_framebuffer_no_attachments GL_ARB_framebuffer_object GL_ARB_framebuffer_sRGB GL_ARB_geometry_shader4 GL_ARB_get_program_binary GL_ARB_get_texture_sub_image GL_ARB_gl_spirv GL_ARB_gpu_shader5 GL_ARB_gpu_shader_fp64 GL_ARB_gpu_shader_int64 GL_ARB_half_float_pixel GL_ARB_half_float_vertex GL_ARB_imaging GL_ARB_indirect_parameters GL_ARB_instanced_arrays GL_ARB_internalformat_query GL_ARB_internalformat_query2 GL_ARB_invalidate_subdata GL_ARB_map_buffer_alignment GL_ARB_map_buffer_range GL_ARB_multi_bind GL_ARB_multi_draw_indirect GL_ARB_multisample GL_ARB_multitexture GL_ARB_occlusion_query GL_ARB_occlusion_query2 GL_ARB_parallel_shader_compile GL_ARB_pipeline_statistics_query GL_ARB_pixel_buffer_object GL_ARB_point_parameters GL_ARB_point_sprite GL_ARB_polygon_offset_clamp GL_ARB_program_interface_query GL_ARB_provoking_vertex GL_ARB_query_buffer_object GL_ARB_robust_buffer_access_behavior GL_ARB_robustness GL_ARB_sample_shading GL_ARB_sa
mpler_objects GL_ARB_seamless_cube_map GL_ARB_seamless_cubemap_per_texture GL_ARB_separate_shader_objects GL_ARB_shader_atomic_counter_ops GL_ARB_shader_atomic_counters GL_ARB_shader_ballot GL_ARB_shader_bit_encoding GL_ARB_shader_clock GL_ARB_shader_draw_parameters GL_ARB_shader_group_vote GL_ARB_shader_image_load_store GL_ARB_shader_image_size GL_ARB_shader_objects GL_ARB_shader_precision GL_ARB_shader_storage_buffer_object GL_ARB_shader_subroutine GL_ARB_shader_texture_image_samples GL_ARB_shader_texture_lod GL_ARB_shading_language_100 GL_ARB_shading_language_420pack GL_ARB_shading_language_include GL_ARB_shading_language_packing GL_ARB_shadow GL_ARB_sparse_buffer GL_ARB_sparse_texture GL_ARB_spirv_extensions GL_ARB_stencil_texturing GL_ARB_sync GL_ARB_tessellation_shader GL_ARB_texture_barrier GL_ARB_texture_border_clamp GL_ARB_texture_buffer_object GL_ARB_texture_buffer_object_rgb32 GL_ARB_texture_buffer_range GL_ARB_texture_compression GL_ARB_texture_compression_bptc GL_ARB_texture_compression_rgtc GL_
ARB_texture_cube_map GL_ARB_texture_cube_map_array GL_ARB_texture_env_add GL_ARB_texture_env_combine GL_ARB_texture_env_crossbar GL_ARB_texture_env_dot3 GL_ARB_texture_filter_anisotropic GL_ARB_texture_float GL_ARB_texture_gather GL_ARB_texture_mirror_clamp_to_edge GL_ARB_texture_mirrored_repeat GL_ARB_texture_multisample GL_ARB_texture_non_power_of_two GL_ARB_texture_query_levels GL_ARB_texture_query_lod GL_ARB_texture_rectangle GL_ARB_texture_rg GL_ARB_texture_rgb10_a2ui GL_ARB_texture_stencil8 GL_ARB_texture_storage GL_ARB_texture_storage_multisample GL_ARB_texture_swizzle GL_ARB_texture_view GL_ARB_timer_query GL_ARB_transform_feedback2 GL_ARB_transform_feedback3 GL_ARB_transform_feedback_instanced GL_ARB_transform_feedback_overflow_query GL_ARB_transpose_matrix GL_ARB_uniform_buffer_object GL_ARB_vertex_array_bgra GL_ARB_vertex_array_object GL_ARB_vertex_attrib_64bit GL_ARB_vertex_attrib_binding GL_ARB_vertex_buffer_object GL_ARB_vertex_program GL_ARB_vertex_shader GL_ARB_vertex_type_10f_11f_11f_rev GL_
ARB_vertex_type_2_10_10_10_rev GL_ARB_viewport_array GL_ARB_window_pos GL_ATI_draw_buffers GL_ATI_texture_float GL_ATI_texture_mirror_once GL_S3_s3tc GL_EXT_texture_env_add GL_EXT_abgr GL_EXT_bgra GL_EXT_bindable_uniform GL_EXT_blend_color GL_EXT_blend_equation_separate GL_EXT_blend_func_separate GL_EXT_blend_minmax GL_EXT_blend_subtract GL_EXT_compiled_vertex_array GL_EXT_Cg_shader GL_EXT_depth_bounds_test GL_EXT_direct_state_access GL_EXT_draw_buffers2 GL_EXT_draw_instanced GL_EXT_draw_range_elements GL_EXT_fog_coord GL_EXT_framebuffer_blit GL_EXT_framebuffer_multisample GL_EXTX_framebuffer_mixed_formats GL_EXT_framebuffer_multisample_blit_scaled GL_EXT_framebuffer_object GL_EXT_framebuffer_sRGB GL_EXT_geometry_shader4 GL_EXT_gpu_program_parameters GL_EXT_gpu_shader4 GL_EXT_multi_draw_arrays GL_EXT_packed_depth_stencil GL_EXT_packed_float GL_EXT_packed_pixels GL_EXT_pixel_buffer_object GL_EXT_point_parameters GL_EXT_polygon_offset_clamp GL_EXT_provoking_vertex GL_EXT_rescale_normal GL_EXT_secondary_color G
L_EXT_separate_shader_objects GL_EXT_separate_specular_color GL_EXT_shader_image_load_formatted GL_EXT_shader_image_load_store GL_EXT_shader_integer_mix GL_EXT_shadow_funcs GL_EXT_stencil_two_side GL_EXT_stencil_wrap GL_EXT_texture3D GL_EXT_texture_array GL_EXT_texture_buffer_object GL_EXT_texture_compression_dxt1 GL_EXT_texture_compression_latc GL_EXT_texture_compression_rgtc GL_EXT_texture_compression_s3tc GL_EXT_texture_cube_map GL_EXT_texture_edge_clamp GL_EXT_texture_env_combine GL_EXT_texture_env_dot3 GL_EXT_texture_filter_anisotropic GL_EXT_texture_integer GL_EXT_texture_lod GL_EXT_texture_lod_bias GL_EXT_texture_mirror_clamp GL_EXT_texture_object GL_EXT_texture_shared_exponent GL_EXT_texture_sRGB GL_EXT_texture_sRGB_decode GL_EXT_texture_storage GL_EXT_texture_swizzle GL_EXT_timer_query GL_EXT_transform_feedback2 GL_EXT_vertex_array GL_EXT_vertex_array_bgra GL_EXT_vertex_attrib_64bit GL_EXT_window_rectangles GL_EXT_x11_sync_object GL_EXT_import_sync_object GL_NV_robustness_video_memory_purge GL_IBM_r
asterpos_clip GL_IBM_texture_mirrored_repeat GL_KHR_context_flush_control GL_KHR_debug GL_EXT_memory_object GL_EXT_memory_object_fd GL_KHR_parallel_shader_compile GL_KHR_no_error GL_KHR_robust_buffer_access_behavior GL_KHR_robustness GL_EXT_semaphore GL_EXT_semaphore_fd GL_KTX_buffer_region GL_NV_alpha_to_coverage_dither_control GL_NV_bindless_multi_draw_indirect GL_NV_bindless_multi_draw_indirect_count GL_NV_bindless_texture GL_NV_blend_equation_advanced GL_NV_blend_equation_advanced_coherent GL_NV_blend_minmax_factor GL_NV_blend_square GL_NV_command_list GL_NV_compute_program5 GL_NV_conditional_render GL_NV_copy_depth_to_color GL_NV_copy_image GL_NV_depth_buffer_float GL_NV_depth_clamp GL_NV_draw_texture GL_NV_draw_vulkan_image GL_NV_ES1_1_compatibility GL_NV_ES3_1_compatibility GL_NV_explicit_multisample GL_NV_feature_query GL_NV_fence GL_NV_float_buffer GL_NV_fog_distance GL_NV_fragment_program GL_NV_fragment_program_option GL_NV_fragment_program2 GL_NV_framebuffer_multisample_coverage GL_NV_geometry_sha
der4 GL_NV_gpu_program4 GL_NV_internalformat_sample_query GL_NV_gpu_program4_1 GL_NV_gpu_program5 GL_NV_gpu_program5_mem_extended GL_NV_gpu_program_fp64 GL_NV_gpu_shader5 GL_NV_half_float GL_NV_light_max_exponent GL_NV_multisample_coverage GL_NV_multisample_filter_hint GL_NV_occlusion_query GL_NV_packed_depth_stencil GL_NV_parameter_buffer_object GL_NV_parameter_buffer_object2 GL_NV_path_rendering GL_NV_pixel_data_range GL_NV_point_sprite GL_NV_primitive_restart GL_NV_query_resource GL_NV_query_resource_tag GL_NV_register_combiners GL_NV_register_combiners2 GL_NV_shader_atomic_counters GL_NV_shader_atomic_float GL_NV_shader_atomic_int64 GL_NV_shader_buffer_load GL_NV_shader_storage_buffer_object GL_NV_texgen_reflection GL_NV_texture_barrier GL_NV_texture_compression_vtc GL_NV_texture_env_combine4 GL_NV_texture_multisample GL_NV_texture_rectangle GL_NV_texture_rectangle_compressed GL_NV_texture_shader GL_NV_texture_shader2 GL_NV_texture_shader3 GL_NV_transform_feedback GL_NV_transform_feedback2 GL_NV_uniform_
buffer_unified_memory GL_NV_vdpau_interop GL_NV_vertex_array_range GL_NV_vertex_array_range2 GL_NV_vertex_attrib_integer_64bit GL_NV_vertex_buffer_unified_memory GL_NV_vertex_program GL_NV_vertex_program1_1 GL_NV_vertex_program2 GL_NV_vertex_program2_option GL_NV_vertex_program3 GL_NVX_conditional_render GL_NVX_gpu_memory_info GL_NVX_nvenc_interop GL_NV_shader_thread_group GL_NV_shader_thread_shuffle GL_KHR_blend_equation_advanced GL_KHR_blend_equation_advanced_coherent GL_SGIS_generate_mipmap GL_SGIS_texture_lod GL_SGIX_depth_texture GL_SGIX_shadow GL_SUN_slice_accum
OPENGL LOG: Creating OpenGL 4.5 graphics device ; Context level  <OpenGL 4.5> ; Context handle -1103144632
Initialize mono
Mono path[0] = '/home/andre/Unity/Hub/Editor/2020.2.4f1/Editor/Data/Managed'
Mono path[1] = '/home/andre/Unity/Hub/Editor/2020.2.4f1/Editor/Data/MonoBleedingEdge/lib/mono/unityjit'
Mono config path = '/home/andre/Unity/Hub/Editor/2020.2.4f1/Editor/Data/MonoBleedingEdge/etc'
Using monoOptions --debugger-agent=transport=dt_socket,embedding=1,server=y,suspend=n,address=127.0.0.1:56651
Begin MonoManager ReloadAssembly
Registering precompiled unity dll's ...
Register platform support module: /home/andre/Unity/Hub/Editor/2020.2.4f1/Editor/Data/PlaybackEngines/WebGLSupport/UnityEditor.WebGL.Extensions.dll
Register platform support module: /home/andre/Unity/Hub/Editor/2020.2.4f1/Editor/Data/PlaybackEngines/LinuxStandaloneSupport/UnityEditor.LinuxStandalone.Extensions.dll
Registered in 0.001983 seconds.
Native extension for LinuxStandalone target not found
Native extension for WebGL target not found
Refreshing native plugins compatible for Editor in 44.32 ms, found 1 plugins.
Preloading 0 native plugins for Editor in 0.00 ms.
Invoked RoslynAnalysisRunner static constructor.
RoslynAnalysisRunner will not be running.
RoslynAnalysisRunner has terminated.
Mono: successfully reloaded assembly
- Completed reload, in  1.716 seconds
Platform modules already initialized, skipping
Registering precompiled user dll's ...
Registered in 0.001809 seconds.
Begin MonoManager ReloadAssembly
Native extension for LinuxStandalone target not found
Native extension for WebGL target not found
Refreshing native plugins compatible for Editor in 44.07 ms, found 1 plugins.
Preloading 0 native plugins for Editor in 0.00 ms.
DisplayProgressbar: Restoring NuGet Packages
Invoked RoslynAnalysisRunner static constructor.
RoslynAnalysisRunner will not be running.
RoslynAnalysisRunner has terminated.
Mono: successfully reloaded assembly
- Completed reload, in  1.415 seconds
Platform modules already initialized, skipping
========================================================================
Worker process is ready to serve import requests
Launched and connected shader compiler UnityShaderCompiler after 0.06 seconds
Refreshing native plugins compatible for Editor in 0.52 ms, found 1 plugins.
Preloading 0 native plugins for Editor in 0.00 ms.
Unloading 1846 Unused Serialized files (Serialized files now loaded: 0)
System memory in use before: 98.7 MB.
System memory in use after: 98.7 MB.

Unloading 28 unused Assets to reduce memory usage. Loaded Objects now: 2310.
Total: 3.940340 ms (FindLiveObjects: 0.244747 ms CreateObjectMapping: 0.107355 ms MarkObjects: 3.241794 ms  DeleteObjects: 0.340923 ms)

========================================================================
Received Import Request.
  path: Assets/Prefabs/Main Menu.prefab
  artifactKey: Guid(ea0296d3703ec4bfa9bbae30dd290df0) Importer(815301076,1909f56bfc062723c751e8b465ee728b)
Start importing Assets/Prefabs/Main Menu.prefab using Guid(ea0296d3703ec4bfa9bbae30dd290df0) Importer(815301076,1909f56bfc062723c751e8b465ee728b)  -> (artifact id: 'a4fc5a1bb5d666be0171aa2ef143e98d') in 0.063445 seconds
  Import took 0.068215 seconds .

========================================================================
Received Import Request.
  Time since last request: 6.551175 seconds.
  path: Assets/Prefabs/Main Menu.prefab
  artifactKey: Guid(ea0296d3703ec4bfa9bbae30dd290df0) Importer(815301076,1909f56bfc062723c751e8b465ee728b)
Start importing Assets/Prefabs/Main Menu.prefab using Guid(ea0296d3703ec4bfa9bbae30dd290df0) Importer(815301076,1909f56bfc062723c751e8b465ee728b)  -> (artifact id: '4254da73409f511807eeec82c47473f8') in 0.004267 seconds
  Import took 0.008080 seconds .

========================================================================
Received Import Request.
  Time since last request: 34.561563 seconds.
  path: Assets/Prefabs/Main Menu.prefab
  artifactKey: Guid(ea0296d3703ec4bfa9bbae30dd290df0) Importer(815301076,1909f56bfc062723c751e8b465ee728b)
Start importing Assets/Prefabs/Main Menu.prefab using Guid(ea0296d3703ec4bfa9bbae30dd290df0) Importer(815301076,1909f56bfc062723c751e8b465ee728b)  -> (artifact id: '009f5cdd2d07a8aa239ca19084f7f61e') in 0.004678 seconds
  Import took 0.008216 seconds .

========================================================================
Received Import Request.
  Time since last request: 1.917812 seconds.
  path: Assets/Prefabs/Main Menu.prefab
  artifactKey: Guid(ea0296d3703ec4bfa9bbae30dd290df0) Importer(815301076,1909f56bfc062723c751e8b465ee728b)
Start importing Assets/Prefabs/Main Menu.prefab using Guid(ea0296d3703ec4bfa9bbae30dd290df0) Importer(815301076,1909f56bfc062723c751e8b465ee728b)  -> (artifact id: '45aacb48186b8ba5d1f604a62192efac') in 0.004264 seconds
  Import took 0.008046 seconds .

========================================================================
Received Import Request.
  Time since last request: 10.935358 seconds.
  path: Assets/Prefabs/Main Menu.prefab
  artifactKey: Guid(ea0296d3703ec4bfa9bbae30dd290df0) Importer(815301076,1909f56bfc062723c751e8b465ee728b)
Start importing Assets/Prefabs/Main Menu.prefab using Guid(ea0296d3703ec4bfa9bbae30dd290df0) Importer(815301076,1909f56bfc062723c751e8b465ee728b)  -> (artifact id: 'e1a7de4ba3b29a5138c07a84d2e372e0') in 0.003503 seconds
  Import took 0.007199 seconds .

========================================================================
Received Import Request.
  Time since last request: 11.716516 seconds.
  path: Assets/Prefabs/Main Menu.prefab
  artifactKey: Guid(ea0296d3703ec4bfa9bbae30dd290df0) Importer(815301076,1909f56bfc062723c751e8b465ee728b)
Start importing Assets/Prefabs/Main Menu.prefab using Guid(ea0296d3703ec4bfa9bbae30dd290df0) Importer(815301076,1909f56bfc062723c751e8b465ee728b)  -> (artifact id: '5a88592625dc88f9da246ad908a5533d') in 0.003541 seconds
  Import took 0.007145 seconds .

========================================================================
Received Import Request.
  Time since last request: 55.464543 seconds.
  path: Assets/Prefabs/Main Menu.prefab
  artifactKey: Guid(ea0296d3703ec4bfa9bbae30dd290df0) Importer(815301076,1909f56bfc062723c751e8b465ee728b)
Start importing Assets/Prefabs/Main Menu.prefab using Guid(ea0296d3703ec4bfa9bbae30dd290df0) Importer(815301076,1909f56bfc062723c751e8b465ee728b)  -> (artifact id: 'c64eaf146d3e952ec63d7ae7b9cea572') in 0.006680 seconds
  Import took 0.010286 seconds .

========================================================================
Received Import Request.
  Time since last request: 2.710424 seconds.
  path: Assets/Prefabs/Main Menu.prefab
  artifactKey: Guid(ea0296d3703ec4bfa9bbae30dd290df0) Importer(815301076,1909f56bfc062723c751e8b465ee728b)
Start importing Assets/Prefabs/Main Menu.prefab using Guid(ea0296d3703ec4bfa9bbae30dd290df0) Importer(815301076,1909f56bfc062723c751e8b465ee728b)  -> (artifact id: '07a81689483561d31229454dbb466fc8') in 0.005362 seconds
  Import took 0.009388 seconds .

========================================================================
Received Import Request.
  Time since last request: 13.020105 seconds.
  path: Assets/Prefabs/Main Menu.prefab
  artifactKey: Guid(ea0296d3703ec4bfa9bbae30dd290df0) Importer(815301076,1909f56bfc062723c751e8b465ee728b)
Start importing Assets/Prefabs/Main Menu.prefab using Guid(ea0296d3703ec4bfa9bbae30dd290df0) Importer(815301076,1909f56bfc062723c751e8b465ee728b)  -> (artifact id: 'd39c17b383abc057b741ca804b05e01e') in 0.003818 seconds
  Import took 0.019986 seconds .

========================================================================
Received Import Request.
  Time since last request: 3.665196 seconds.
  path: Assets/Prefabs/Main Menu.prefab
  artifactKey: Guid(ea0296d3703ec4bfa9bbae30dd290df0) Importer(815301076,1909f56bfc062723c751e8b465ee728b)
Start importing Assets/Prefabs/Main Menu.prefab using Guid(ea0296d3703ec4bfa9bbae30dd290df0) Importer(815301076,1909f56bfc062723c751e8b465ee728b)  -> (artifact id: 'a898f037462ea538ac181a196e24747e') in 0.003426 seconds
  Import took 0.007251 seconds .

========================================================================
Received Import Request.
  Time since last request: 8.346145 seconds.
  path: Assets/Prefabs/Main Menu.prefab
  artifactKey: Guid(ea0296d3703ec4bfa9bbae30dd290df0) Importer(815301076,1909f56bfc062723c751e8b465ee728b)
Start importing Assets/Prefabs/Main Menu.prefab using Guid(ea0296d3703ec4bfa9bbae30dd290df0) Importer(815301076,1909f56bfc062723c751e8b465ee728b)  -> (artifact id: '312ad089e5b000fad10b37c27b13a7c4') in 0.004199 seconds
  Import took 0.007907 seconds .

========================================================================
Received Import Request.
  Time since last request: 5.481008 seconds.
  path: Assets/Prefabs/Main Menu.prefab
  artifactKey: Guid(ea0296d3703ec4bfa9bbae30dd290df0) Importer(815301076,1909f56bfc062723c751e8b465ee728b)
Start importing Assets/Prefabs/Main Menu.prefab using Guid(ea0296d3703ec4bfa9bbae30dd290df0) Importer(815301076,1909f56bfc062723c751e8b465ee728b)  -> (artifact id: 'da849e4cb5c4304f6ab09f9cbf2ab2ab') in 0.004425 seconds
  Import took 0.008306 seconds .

========================================================================
Received Import Request.
  Time since last request: 4.328663 seconds.
  path: Assets/Prefabs/Main Menu.prefab
  artifactKey: Guid(ea0296d3703ec4bfa9bbae30dd290df0) Importer(815301076,1909f56bfc062723c751e8b465ee728b)
Start importing Assets/Prefabs/Main Menu.prefab using Guid(ea0296d3703ec4bfa9bbae30dd290df0) Importer(815301076,1909f56bfc062723c751e8b465ee728b)  -> (artifact id: '1c9513e17941a7e95704e56f0a80c91e') in 0.004014 seconds
  Import took 0.007753 seconds .

========================================================================
Received Import Request.
  Time since last request: 2.862214 seconds.
  path: Assets/Prefabs/Main Menu.prefab
  artifactKey: Guid(ea0296d3703ec4bfa9bbae30dd290df0) Importer(815301076,1909f56bfc062723c751e8b465ee728b)
Start importing Assets/Prefabs/Main Menu.prefab using Guid(ea0296d3703ec4bfa9bbae30dd290df0) Importer(815301076,1909f56bfc062723c751e8b465ee728b)  -> (artifact id: '194598ebe14f96824dd697cfd8d42af2') in 0.003882 seconds
  Import took 0.007429 seconds .

========================================================================
Received Import Request.
  Time since last request: 21.490832 seconds.
  path: Assets/Prefabs/Main Menu.prefab
  artifactKey: Guid(ea0296d3703ec4bfa9bbae30dd290df0) Importer(815301076,1909f56bfc062723c751e8b465ee728b)
Start importing Assets/Prefabs/Main Menu.prefab using Guid(ea0296d3703ec4bfa9bbae30dd290df0) Importer(815301076,1909f56bfc062723c751e8b465ee728b)  -> (artifact id: '779960c60674cfb66c71bec41b37ae80') in 0.004083 seconds
  Import took 0.007828 seconds .

========================================================================
Received Import Request.
  Time since last request: 6.679430 seconds.
  path: Assets/Prefabs/Main Menu.prefab
  artifactKey: Guid(ea0296d3703ec4bfa9bbae30dd290df0) Importer(815301076,1909f56bfc062723c751e8b465ee728b)
Start importing Assets/Prefabs/Main Menu.prefab using Guid(ea0296d3703ec4bfa9bbae30dd290df0) Importer(815301076,1909f56bfc062723c751e8b465ee728b)  -> (artifact id: '13a7454902fcaf84f3d5ec035d5aede3') in 0.003882 seconds
  Import took 0.007618 seconds .

========================================================================
Received Import Request.
  Time since last request: 4.232871 seconds.
  path: Assets/Prefabs/Main Menu.prefab
  artifactKey: Guid(ea0296d3703ec4bfa9bbae30dd290df0) Importer(815301076,1909f56bfc062723c751e8b465ee728b)
Start importing Assets/Prefabs/Main Menu.prefab using Guid(ea0296d3703ec4bfa9bbae30dd290df0) Importer(815301076,1909f56bfc062723c751e8b465ee728b)  -> (artifact id: '7c7889c14b4d998ac16e2923f25ba98e') in 0.003850 seconds
  Import took 0.007494 seconds .

========================================================================
Received Import Request.
  Time since last request: 3.431257 seconds.
  path: Assets/Prefabs/Main Menu.prefab
  artifactKey: Guid(ea0296d3703ec4bfa9bbae30dd290df0) Importer(815301076,1909f56bfc062723c751e8b465ee728b)
Start importing Assets/Prefabs/Main Menu.prefab using Guid(ea0296d3703ec4bfa9bbae30dd290df0) Importer(815301076,1909f56bfc062723c751e8b465ee728b)  -> (artifact id: 'b98fd94e6baae5065f8105f3b055991b') in 0.010886 seconds
  Import took 0.014536 seconds .

========================================================================
Received Import Request.
  Time since last request: 3.846179 seconds.
  path: Assets/Prefabs/Main Menu.prefab
  artifactKey: Guid(ea0296d3703ec4bfa9bbae30dd290df0) Importer(815301076,1909f56bfc062723c751e8b465ee728b)
Start importing Assets/Prefabs/Main Menu.prefab using Guid(ea0296d3703ec4bfa9bbae30dd290df0) Importer(815301076,1909f56bfc062723c751e8b465ee728b)  -> (artifact id: '099013fa1f3fb3764a7ec40ac26957cd') in 0.004418 seconds
  Import took 0.008135 seconds .

========================================================================
Received Import Request.
  Time since last request: 10.967237 seconds.
  path: Assets/Prefabs/Main Menu.prefab
  artifactKey: Guid(ea0296d3703ec4bfa9bbae30dd290df0) Importer(815301076,1909f56bfc062723c751e8b465ee728b)
Start importing Assets/Prefabs/Main Menu.prefab using Guid(ea0296d3703ec4bfa9bbae30dd290df0) Importer(815301076,1909f56bfc062723c751e8b465ee728b)  -> (artifact id: '05a9153520a1b1b4232c8349101cc190') in 0.003745 seconds
  Import took 0.007599 seconds .

========================================================================
Received Import Request.
  Time since last request: 13.734114 seconds.
  path: Assets/Prefabs/Main Menu.prefab
  artifactKey: Guid(ea0296d3703ec4bfa9bbae30dd290df0) Importer(815301076,1909f56bfc062723c751e8b465ee728b)
Start importing Assets/Prefabs/Main Menu.prefab using Guid(ea0296d3703ec4bfa9bbae30dd290df0) Importer(815301076,1909f56bfc062723c751e8b465ee728b)  -> (artifact id: 'c8935ae19c8bc7efef89e3862e274f15') in 0.004418 seconds
  Import took 0.008099 seconds .

========================================================================
Received Import Request.
  Time since last request: 14.009375 seconds.
  path: Assets/Prefabs/Main Menu.prefab
  artifactKey: Guid(ea0296d3703ec4bfa9bbae30dd290df0) Importer(815301076,1909f56bfc062723c751e8b465ee728b)
Start importing Assets/Prefabs/Main Menu.prefab using Guid(ea0296d3703ec4bfa9bbae30dd290df0) Importer(815301076,1909f56bfc062723c751e8b465ee728b)  -> (artifact id: '1b26b165be74537622f36156acb6ec01') in 0.003837 seconds
  Import took 0.007467 seconds .

========================================================================
Received Import Request.
  Time since last request: 14.618988 seconds.
  path: Assets/Prefabs/Main Menu.prefab
  artifactKey: Guid(ea0296d3703ec4bfa9bbae30dd290df0) Importer(815301076,1909f56bfc062723c751e8b465ee728b)
Start importing Assets/Prefabs/Main Menu.prefab using Guid(ea0296d3703ec4bfa9bbae30dd290df0) Importer(815301076,1909f56bfc062723c751e8b465ee728b)  -> (artifact id: 'b4f04c30401d02e0691a153f62db37be') in 0.003761 seconds
  Import took 0.007443 seconds .

========================================================================
Received Import Request.
  Time since last request: 1.384852 seconds.
  path: Assets/Prefabs/Main Menu.prefab
  artifactKey: Guid(ea0296d3703ec4bfa9bbae30dd290df0) Importer(815301076,1909f56bfc062723c751e8b465ee728b)
Start importing Assets/Prefabs/Main Menu.prefab using Guid(ea0296d3703ec4bfa9bbae30dd290df0) Importer(815301076,1909f56bfc062723c751e8b465ee728b)  -> (artifact id: '0c936ad621cfc522652260c18e4f69df') in 0.004019 seconds
  Import took 0.007603 seconds .

========================================================================
Received Import Request.
  Time since last request: 1.669770 seconds.
  path: Assets/Prefabs/Main Menu.prefab
  artifactKey: Guid(ea0296d3703ec4bfa9bbae30dd290df0) Importer(815301076,1909f56bfc062723c751e8b465ee728b)
Start importing Assets/Prefabs/Main Menu.prefab using Guid(ea0296d3703ec4bfa9bbae30dd290df0) Importer(815301076,1909f56bfc062723c751e8b465ee728b)  -> (artifact id: 'f7ab7e80eaf71ca65086d0616bfe0911') in 0.004586 seconds
  Import took 0.008749 seconds .

========================================================================
Received Import Request.
  Time since last request: 10.362780 seconds.
  path: Assets/Prefabs/Main Menu.prefab
  artifactKey: Guid(ea0296d3703ec4bfa9bbae30dd290df0) Importer(815301076,1909f56bfc062723c751e8b465ee728b)
Start importing Assets/Prefabs/Main Menu.prefab using Guid(ea0296d3703ec4bfa9bbae30dd290df0) Importer(815301076,1909f56bfc062723c751e8b465ee728b)  -> (artifact id: '234a39f5807aea10726225c381ee4384') in 0.004190 seconds
  Import took 0.007767 seconds .

========================================================================
Received Import Request.
  Time since last request: 30.408413 seconds.
  path: Assets/Prefabs/Main Menu.prefab
  artifactKey: Guid(ea0296d3703ec4bfa9bbae30dd290df0) Importer(815301076,1909f56bfc062723c751e8b465ee728b)
Start importing Assets/Prefabs/Main Menu.prefab using Guid(ea0296d3703ec4bfa9bbae30dd290df0) Importer(815301076,1909f56bfc062723c751e8b465ee728b)  -> (artifact id: '6ad39a858457ba36dac30505c24b8717') in 0.003431 seconds
  Import took 0.021827 seconds .

========================================================================
Received Import Request.
  Time since last request: 0.356829 seconds.
  path: Assets/Prefabs/Main Menu.prefab
  artifactKey: Guid(ea0296d3703ec4bfa9bbae30dd290df0) Importer(815301076,1909f56bfc062723c751e8b465ee728b)
Start importing Assets/Prefabs/Main Menu.prefab using Guid(ea0296d3703ec4bfa9bbae30dd290df0) Importer(815301076,1909f56bfc062723c751e8b465ee728b)  -> (artifact id: 'ff9a32fe73c360dd2772b9990c64c83b') in 0.004014 seconds
  Import took 0.007605 seconds .

========================================================================
Received Import Request.
  Time since last request: 0.632990 seconds.
  path: Assets/Prefabs/Main Menu.prefab
  artifactKey: Guid(ea0296d3703ec4bfa9bbae30dd290df0) Importer(815301076,1909f56bfc062723c751e8b465ee728b)
Start importing Assets/Prefabs/Main Menu.prefab using Guid(ea0296d3703ec4bfa9bbae30dd290df0) Importer(815301076,1909f56bfc062723c751e8b465ee728b)  -> (artifact id: 'e7078d240f5822c984f9437ef1017a2e') in 0.004850 seconds
  Import took 0.008588 seconds .

========================================================================
Received Import Request.
  Time since last request: 0.213321 seconds.
  path: Assets/Prefabs/Main Menu.prefab
  artifactKey: Guid(ea0296d3703ec4bfa9bbae30dd290df0) Importer(815301076,1909f56bfc062723c751e8b465ee728b)
Start importing Assets/Prefabs/Main Menu.prefab using Guid(ea0296d3703ec4bfa9bbae30dd290df0) Importer(815301076,1909f56bfc062723c751e8b465ee728b)  -> (artifact id: '25b1b4f5c7da9d592b8d8803ce889044') in 0.004615 seconds
  Import took 0.008365 seconds .

========================================================================
Received Import Request.
  Time since last request: 0.200403 seconds.
  path: Assets/Prefabs/Main Menu.prefab
  artifactKey: Guid(ea0296d3703ec4bfa9bbae30dd290df0) Importer(815301076,1909f56bfc062723c751e8b465ee728b)
Start importing Assets/Prefabs/Main Menu.prefab using Guid(ea0296d3703ec4bfa9bbae30dd290df0) Importer(815301076,1909f56bfc062723c751e8b465ee728b)  -> (artifact id: '9c875c02c96a32177e010f4450fc1f50') in 0.007319 seconds
  Import took 0.010934 seconds .

========================================================================
Received Import Request.
  Time since last request: 0.223454 seconds.
  path: Assets/Prefabs/Main Menu.prefab
  artifactKey: Guid(ea0296d3703ec4bfa9bbae30dd290df0) Importer(815301076,1909f56bfc062723c751e8b465ee728b)
Start importing Assets/Prefabs/Main Menu.prefab using Guid(ea0296d3703ec4bfa9bbae30dd290df0) Importer(815301076,1909f56bfc062723c751e8b465ee728b)  -> (artifact id: '848507772bef1dfa9d047f3f72bb4af2') in 0.005679 seconds
  Import took 0.010140 seconds .

========================================================================
Received Import Request.
  Time since last request: 0.409362 seconds.
  path: Assets/Prefabs/Main Menu.prefab
  artifactKey: Guid(ea0296d3703ec4bfa9bbae30dd290df0) Importer(815301076,1909f56bfc062723c751e8b465ee728b)
Start importing Assets/Prefabs/Main Menu.prefab using Guid(ea0296d3703ec4bfa9bbae30dd290df0) Importer(815301076,1909f56bfc062723c751e8b465ee728b)  -> (artifact id: '051ceecaa25e5559f219edf325e15df5') in 0.005433 seconds
  Import took 0.009363 seconds .

========================================================================
Received Import Request.
  Time since last request: 1.006090 seconds.
  path: Assets/Prefabs/Main Menu.prefab
  artifactKey: Guid(ea0296d3703ec4bfa9bbae30dd290df0) Importer(815301076,1909f56bfc062723c751e8b465ee728b)
Start importing Assets/Prefabs/Main Menu.prefab using Guid(ea0296d3703ec4bfa9bbae30dd290df0) Importer(815301076,1909f56bfc062723c751e8b465ee728b)  -> (artifact id: '520293eca73c071445cabbfcc478de53') in 0.005449 seconds
  Import took 0.009147 seconds .

========================================================================
Received Import Request.
  Time since last request: 0.446396 seconds.
  path: Assets/Prefabs/Main Menu.prefab
  artifactKey: Guid(ea0296d3703ec4bfa9bbae30dd290df0) Importer(815301076,1909f56bfc062723c751e8b465ee728b)
Start importing Assets/Prefabs/Main Menu.prefab using Guid(ea0296d3703ec4bfa9bbae30dd290df0) Importer(815301076,1909f56bfc062723c751e8b465ee728b)  -> (artifact id: 'aafed46da37be015a6449f54275c51a5') in 0.007100 seconds
  Import took 0.011078 seconds .

========================================================================
Received Import Request.
  Time since last request: 0.194274 seconds.
  path: Assets/Prefabs/Main Menu.prefab
  artifactKey: Guid(ea0296d3703ec4bfa9bbae30dd290df0) Importer(815301076,1909f56bfc062723c751e8b465ee728b)
Start importing Assets/Prefabs/Main Menu.prefab using Guid(ea0296d3703ec4bfa9bbae30dd290df0) Importer(815301076,1909f56bfc062723c751e8b465ee728b)  -> (artifact id: '1871c1c9590898c33a31b44ce6a1a682') in 0.006989 seconds
  Import took 0.010883 seconds .

========================================================================
Received Import Request.
  Time since last request: 0.418486 seconds.
  path: Assets/Prefabs/Main Menu.prefab
  artifactKey: Guid(ea0296d3703ec4bfa9bbae30dd290df0) Importer(815301076,1909f56bfc062723c751e8b465ee728b)
Start importing Assets/Prefabs/Main Menu.prefab using Guid(ea0296d3703ec4bfa9bbae30dd290df0) Importer(815301076,1909f56bfc062723c751e8b465ee728b)  -> (artifact id: '42db7ac5f1ce970d1769935d17a243de') in 0.006983 seconds
  Import took 0.011488 seconds .

========================================================================
Received Import Request.
  Time since last request: 0.400371 seconds.
  path: Assets/Prefabs/Main Menu.prefab
  artifactKey: Guid(ea0296d3703ec4bfa9bbae30dd290df0) Importer(815301076,1909f56bfc062723c751e8b465ee728b)
Start importing Assets/Prefabs/Main Menu.prefab using Guid(ea0296d3703ec4bfa9bbae30dd290df0) Importer(815301076,1909f56bfc062723c751e8b465ee728b)  -> (artifact id: '7e5fa125de8028f5e9edf5d981d9a321') in 0.009286 seconds
  Import took 0.013557 seconds .

========================================================================
Received Import Request.
  Time since last request: 0.223571 seconds.
  path: Assets/Prefabs/Main Menu.prefab
  artifactKey: Guid(ea0296d3703ec4bfa9bbae30dd290df0) Importer(815301076,1909f56bfc062723c751e8b465ee728b)
Start importing Assets/Prefabs/Main Menu.prefab using Guid(ea0296d3703ec4bfa9bbae30dd290df0) Importer(815301076,1909f56bfc062723c751e8b465ee728b)  -> (artifact id: 'dec9f84b5894fb3e7276601192261eb9') in 0.008122 seconds
  Import took 0.012869 seconds .

========================================================================
Received Import Request.
  Time since last request: 0.221045 seconds.
  path: Assets/Prefabs/Main Menu.prefab
  artifactKey: Guid(ea0296d3703ec4bfa9bbae30dd290df0) Importer(815301076,1909f56bfc062723c751e8b465ee728b)
Start importing Assets/Prefabs/Main Menu.prefab using Guid(ea0296d3703ec4bfa9bbae30dd290df0) Importer(815301076,1909f56bfc062723c751e8b465ee728b)  -> (artifact id: '0380c04751f033b05e611f281abec38b') in 0.008342 seconds
  Import took 0.012673 seconds .

========================================================================
Received Import Request.
  Time since last request: 0.201404 seconds.
  path: Assets/Prefabs/Main Menu.prefab
  artifactKey: Guid(ea0296d3703ec4bfa9bbae30dd290df0) Importer(815301076,1909f56bfc062723c751e8b465ee728b)
Start importing Assets/Prefabs/Main Menu.prefab using Guid(ea0296d3703ec4bfa9bbae30dd290df0) Importer(815301076,1909f56bfc062723c751e8b465ee728b)  -> (artifact id: 'ba64995c245c08fe6ea15ef7f282865f') in 0.008663 seconds
  Import took 0.012708 seconds .

========================================================================
Received Import Request.
  Time since last request: 0.598381 seconds.
  path: Assets/Prefabs/Main Menu.prefab
  artifactKey: Guid(ea0296d3703ec4bfa9bbae30dd290df0) Importer(815301076,1909f56bfc062723c751e8b465ee728b)
Start importing Assets/Prefabs/Main Menu.prefab using Guid(ea0296d3703ec4bfa9bbae30dd290df0) Importer(815301076,1909f56bfc062723c751e8b465ee728b)  -> (artifact id: '8510818c9d334d0ff7896d7199ba56d0') in 0.008345 seconds
  Import took 0.012361 seconds .

========================================================================
Received Import Request.
  Time since last request: 0.423061 seconds.
  path: Assets/Prefabs/Main Menu.prefab
  artifactKey: Guid(ea0296d3703ec4bfa9bbae30dd290df0) Importer(815301076,1909f56bfc062723c751e8b465ee728b)
Start importing Assets/Prefabs/Main Menu.prefab using Guid(ea0296d3703ec4bfa9bbae30dd290df0) Importer(815301076,1909f56bfc062723c751e8b465ee728b)  -> (artifact id: '83dbc61cc4f2d276c4a5fc9c62f54d89') in 0.008705 seconds
  Import took 0.012673 seconds .

========================================================================
Received Import Request.
  Time since last request: 18.286038 seconds.
  path: Assets/Prefabs/Main Menu.prefab
  artifactKey: Guid(ea0296d3703ec4bfa9bbae30dd290df0) Importer(815301076,1909f56bfc062723c751e8b465ee728b)
Start importing Assets/Prefabs/Main Menu.prefab using Guid(ea0296d3703ec4bfa9bbae30dd290df0) Importer(815301076,1909f56bfc062723c751e8b465ee728b)  -> (artifact id: 'a23e7bbedf0dff0957f316e97d971eed') in 0.004341 seconds
  Import took 0.008073 seconds .

========================================================================
Received Import Request.
  Time since last request: 20.739174 seconds.
  path: Assets/NuGet/Resources/defaultIcon.png
  artifactKey: Guid(eec19781926cd2248b7c9abfde8db555) Importer(815301076,1909f56bfc062723c751e8b465ee728b)
Start importing Assets/NuGet/Resources/defaultIcon.png using Guid(eec19781926cd2248b7c9abfde8db555) Importer(815301076,1909f56bfc062723c751e8b465ee728b)  -> (artifact id: '0bf67c4a43191510bcea2283ae5fdb5c') in 0.297431 seconds
  Import took 0.301268 seconds .

========================================================================
Received Prepare
Registering precompiled user dll's ...
Registered in 0.019274 seconds.
Begin MonoManager ReloadAssembly
Native extension for LinuxStandalone target not found
Native extension for WebGL target not found
Refreshing native plugins compatible for Editor in 0.40 ms, found 1 plugins.
Preloading 0 native plugins for Editor in 0.00 ms.
Invoked RoslynAnalysisRunner static constructor.
RoslynAnalysisRunner will not be running.
RoslynAnalysisRunner has terminated.
Mono: successfully reloaded assembly
- Completed reload, in  1.042 seconds
Platform modules already initialized, skipping
Refreshing native plugins compatible for Editor in 0.48 ms, found 1 plugins.
Preloading 0 native plugins for Editor in 0.00 ms.
Unloading 1841 Unused Serialized files (Serialized files now loaded: 0)
System memory in use before: 100.1 MB.
System memory in use after: 100.1 MB.

Unloading 19 unused Assets to reduce memory usage. Loaded Objects now: 2321.
Total: 3.361305 ms (FindLiveObjects: 0.216569 ms CreateObjectMapping: 0.085365 ms MarkObjects: 2.858726 ms  DeleteObjects: 0.195306 ms)

========================================================================
Received Import Request.
  Time since last request: 691.620370 seconds.
  path: Assets/Prefabs/Main Menu.prefab
  artifactKey: Guid(ea0296d3703ec4bfa9bbae30dd290df0) Importer(815301076,1909f56bfc062723c751e8b465ee728b)
Start importing Assets/Prefabs/Main Menu.prefab using Guid(ea0296d3703ec4bfa9bbae30dd290df0) Importer(815301076,1909f56bfc062723c751e8b465ee728b)  -> (artifact id: '2fa2b9afaba08e488126525179d45be1') in 0.053909 seconds
  Import took 0.058643 seconds .

========================================================================
Received Import Request.
  Time since last request: 43.955339 seconds.
  path: Assets/Prefabs/Main Menu.prefab
  artifactKey: Guid(ea0296d3703ec4bfa9bbae30dd290df0) Importer(815301076,1909f56bfc062723c751e8b465ee728b)
Start importing Assets/Prefabs/Main Menu.prefab using Guid(ea0296d3703ec4bfa9bbae30dd290df0) Importer(815301076,1909f56bfc062723c751e8b465ee728b)  -> (artifact id: '6fc0274e4d035c059226e9f14266d686') in 0.007753 seconds
  Import took 0.011596 seconds .

========================================================================
Received Import Request.
  Time since last request: 5.850211 seconds.
  path: Assets/Prefabs/Main Menu.prefab
  artifactKey: Guid(ea0296d3703ec4bfa9bbae30dd290df0) Importer(815301076,1909f56bfc062723c751e8b465ee728b)
Start importing Assets/Prefabs/Main Menu.prefab using Guid(ea0296d3703ec4bfa9bbae30dd290df0) Importer(815301076,1909f56bfc062723c751e8b465ee728b)  -> (artifact id: '784991cc9c06c09d276724fd1dc9c75a') in 0.008081 seconds
  Import took 0.012035 seconds .

========================================================================
Received Import Request.
  Time since last request: 3.083146 seconds.
  path: Assets/Prefabs/Main Menu.prefab
  artifactKey: Guid(ea0296d3703ec4bfa9bbae30dd290df0) Importer(815301076,1909f56bfc062723c751e8b465ee728b)
Start importing Assets/Prefabs/Main Menu.prefab using Guid(ea0296d3703ec4bfa9bbae30dd290df0) Importer(815301076,1909f56bfc062723c751e8b465ee728b)  -> (artifact id: 'b5877049339f0f02b86b0ecf2f7e73a1') in 0.008295 seconds
  Import took 0.012382 seconds .

========================================================================
Received Import Request.
  Time since last request: 77.766308 seconds.
  path: Assets/Prefabs/Main Menu.prefab
  artifactKey: Guid(ea0296d3703ec4bfa9bbae30dd290df0) Importer(815301076,1909f56bfc062723c751e8b465ee728b)
Start importing Assets/Prefabs/Main Menu.prefab using Guid(ea0296d3703ec4bfa9bbae30dd290df0) Importer(815301076,1909f56bfc062723c751e8b465ee728b)  -> (artifact id: 'e5e4239bed2fbaa36babf860f8260f4f') in 0.006381 seconds
  Import took 0.010219 seconds .

========================================================================
Received Import Request.
  Time since last request: 6.603860 seconds.
  path: Assets/Prefabs/Main Menu.prefab
  artifactKey: Guid(ea0296d3703ec4bfa9bbae30dd290df0) Importer(815301076,1909f56bfc062723c751e8b465ee728b)
Start importing Assets/Prefabs/Main Menu.prefab using Guid(ea0296d3703ec4bfa9bbae30dd290df0) Importer(815301076,1909f56bfc062723c751e8b465ee728b)  -> (artifact id: 'c6044fac7a92c186902280392026e7c7') in 0.007224 seconds
  Import took 0.011155 seconds .

========================================================================
Received Import Request.
  Time since last request: 3.985963 seconds.
  path: Assets/Prefabs/Main Menu.prefab
  artifactKey: Guid(ea0296d3703ec4bfa9bbae30dd290df0) Importer(815301076,1909f56bfc062723c751e8b465ee728b)
Start importing Assets/Prefabs/Main Menu.prefab using Guid(ea0296d3703ec4bfa9bbae30dd290df0) Importer(815301076,1909f56bfc062723c751e8b465ee728b)  -> (artifact id: '1dfeee195c8e603fe2acd9e47d11de6a') in 0.009364 seconds
  Import took 0.014345 seconds .

========================================================================
Received Import Request.
  Time since last request: 2.664255 seconds.
  path: Assets/Prefabs/Main Menu.prefab
  artifactKey: Guid(ea0296d3703ec4bfa9bbae30dd290df0) Importer(815301076,1909f56bfc062723c751e8b465ee728b)
Start importing Assets/Prefabs/Main Menu.prefab using Guid(ea0296d3703ec4bfa9bbae30dd290df0) Importer(815301076,1909f56bfc062723c751e8b465ee728b)  -> (artifact id: 'aada3b09796f70d42aef5d95fa5871b9') in 0.006426 seconds
  Import took 0.010506 seconds .

========================================================================
Received Import Request.
  Time since last request: 2.895024 seconds.
  path: Assets/Prefabs/Main Menu.prefab
  artifactKey: Guid(ea0296d3703ec4bfa9bbae30dd290df0) Importer(815301076,1909f56bfc062723c751e8b465ee728b)
Start importing Assets/Prefabs/Main Menu.prefab using Guid(ea0296d3703ec4bfa9bbae30dd290df0) Importer(815301076,1909f56bfc062723c751e8b465ee728b)  -> (artifact id: '35e42251f8d28a9d088e0807569fa2ab') in 0.006666 seconds
  Import took 0.010809 seconds .

========================================================================
Received Import Request.
  Time since last request: 3.340370 seconds.
  path: Assets/Prefabs/Main Menu.prefab
  artifactKey: Guid(ea0296d3703ec4bfa9bbae30dd290df0) Importer(815301076,1909f56bfc062723c751e8b465ee728b)
Start importing Assets/Prefabs/Main Menu.prefab using Guid(ea0296d3703ec4bfa9bbae30dd290df0) Importer(815301076,1909f56bfc062723c751e8b465ee728b)  -> (artifact id: '01cae93e32f56c18c8aade1041dbc96b') in 0.006208 seconds
  Import took 0.010174 seconds .

========================================================================
Received Import Request.
  Time since last request: 4.302478 seconds.
  path: Assets/Prefabs/Main Menu.prefab
  artifactKey: Guid(ea0296d3703ec4bfa9bbae30dd290df0) Importer(815301076,1909f56bfc062723c751e8b465ee728b)
Start importing Assets/Prefabs/Main Menu.prefab using Guid(ea0296d3703ec4bfa9bbae30dd290df0) Importer(815301076,1909f56bfc062723c751e8b465ee728b)  -> (artifact id: '02a12b76217c0eb1dccf77bbbac77a68') in 0.007794 seconds
  Import took 0.011672 seconds .

========================================================================
Received Import Request.
  Time since last request: 3.277666 seconds.
  path: Assets/Prefabs/Main Menu.prefab
  artifactKey: Guid(ea0296d3703ec4bfa9bbae30dd290df0) Importer(815301076,1909f56bfc062723c751e8b465ee728b)
Start importing Assets/Prefabs/Main Menu.prefab using Guid(ea0296d3703ec4bfa9bbae30dd290df0) Importer(815301076,1909f56bfc062723c751e8b465ee728b)  -> (artifact id: '5de4067cda547a322933d28c9a322318') in 0.006310 seconds
  Import took 0.010431 seconds .

========================================================================
Received Import Request.
  Time since last request: 2.985274 seconds.
  path: Assets/Prefabs/Main Menu.prefab
  artifactKey: Guid(ea0296d3703ec4bfa9bbae30dd290df0) Importer(815301076,1909f56bfc062723c751e8b465ee728b)
Start importing Assets/Prefabs/Main Menu.prefab using Guid(ea0296d3703ec4bfa9bbae30dd290df0) Importer(815301076,1909f56bfc062723c751e8b465ee728b) ./Editor/Platform/Linux/TempStubs.cpp:PlatformImageForIconForExtension
./Editor/Platform/Linux/TempStubs.cpp:PlatformImageForIconForExtension
./Editor/Platform/Linux/TempStubs.cpp:PlatformImageForIconForExtension
./Editor/Platform/Linux/TempStubs.cpp:PlatformImageForIconForExtension
./Editor/Platform/Linux/TempStubs.cpp:PlatformImageForIconForExtension
./Editor/Platform/Linux/TempStubs.cpp:PlatformImageForIconForExtension
./Editor/Platform/Linux/TempStubs.cpp:PlatformImageForIconForExtension
./Editor/Platform/Linux/TempStubs.cpp:PlatformImageForIconForExtension
./Editor/Platform/Linux/TempStubs.cpp:PlatformImageForIconForExtension
./Editor/Platform/Linux/TempStubs.cpp:PlatformImageForIconForExtension
./Editor/Platform/Linux/TempStubs.cpp:PlatformImageForIconForExtension
./Editor/Platform/Linux/TempStubs.cpp:PlatformImageForIconForExtension
./Editor/Platform/Linux/TempStubs.cpp:PlatformImageForIconForExtension
./Editor/Platform/Linux/TempStubs.cpp:PlatformImageForIconForExtension
./Editor/Platform/Linux/TempStubs.cpp:PlatformImageForIconForExtension
./Editor/Platform/Linux/TempStubs.cpp:PlatformImageForIconForExtension
./Editor/Platform/Linux/TempStubs.cpp:PlatformImageForIconForExtension
./Editor/Platform/Linux/TempStubs.cpp:PlatformImageForIconForExtension
./Editor/Platform/Linux/TempStubs.cpp:PlatformImageForIconForExtension
./Editor/Platform/Linux/TempStubs.cpp:PlatformImageForIconForExtension
./Editor/Platform/Linux/TempStubs.cpp:PlatformImageForIconForExtension
./Editor/Platform/Linux/TempStubs.cpp:PlatformImageForIconForExtension
./Editor/Platform/Linux/TempStubs.cpp:PlatformImageForIconForExtension
./Editor/Platform/Linux/TempStubs.cpp:PlatformImageForIconForExtension
./Editor/Platform/Linux/TempStubs.cpp:PlatformImageForIconForExtension
./Editor/Platform/Linux/TempStubs.cpp:PlatformImageForIconForExtension
./Editor/Platform/Linux/TempStubs.cpp:PlatformImageForIconForExtension
./Editor/Platform/Linux/TempStubs.cpp:PlatformImageForIconForExtension
./Editor/Platform/Linux/TempStubs.cpp:PlatformImageForIconForExtension
./Editor/Platform/Linux/TempStubs.cpp:PlatformImageForIconForExtension
./Editor/Platform/Linux/TempStubs.cpp:PlatformImageForIconForExtension
./Editor/Platform/Linux/TempStubs.cpp:PlatformImageForIconForExtension
./Editor/Platform/Linux/TempStubs.cpp:PlatformImageForIconForExtension
./Editor/Platform/Linux/TempStubs.cpp:PlatformImageForIconForExtension
./Editor/Platform/Linux/TempStubs.cpp:PlatformImageForIconForExtension
./Editor/Platform/Linux/TempStubs.cpp:PlatformImageForIconForExtension
./Editor/Platform/Linux/TempStubs.cpp:PlatformImageForIconForExtension
./Editor/Platform/Linux/TempStubs.cpp:PlatformImageForIconForExtension
./Editor/Platform/Linux/TempStubs.cpp:PlatformImageForIconForExtension
./Editor/Platform/Linux/TempStubs.cpp:PlatformImageForIconForExtension
./Editor/Platform/Linux/TempStubs.cpp:PlatformImageForIconForExtension
./Editor/Platform/Linux/TempStubs.cpp:PlatformImageForIconForExtension
./Editor/Platform/Linux/TempStubs.cpp:PlatformImageForIconForExtension
./Editor/Platform/Linux/TempStubs.cpp:PlatformImageForIconForExtension
./Editor/Platform/Linux/TempStubs.cpp:PlatformImageForIconForExtension
./Editor/Platform/Linux/TempStubs.cpp:PlatformImageForIconForExtension
./Editor/Platform/Linux/TempStubs.cpp:PlatformImageForIconForExtension
./Editor/Platform/Linux/TempStubs.cpp:PlatformImageForIconForExtension
./Editor/Platform/Linux/TempStubs.cpp:PlatformImageForIconForExtension
./Editor/Platform/Linux/TempStubs.cpp:PlatformImageForIconForExtension
./Editor/Platform/Linux/TempStubs.cpp:PlatformImageForIconForExtension
./Editor/Platform/Linux/TempStubs.cpp:PlatformImageForIconForExtension
./Editor/Platform/Linux/TempStubs.cpp:PlatformImageForIconForExtension
./Editor/Platform/Linux/TempStubs.cpp:PlatformImageForIconForExtension
./Editor/Platform/Linux/TempStubs.cpp:PlatformImageForIconForExtension
./Editor/Platform/Linux/TempStubs.cpp:PlatformImageForIconForExtension
./Editor/Platform/Linux/TempStubs.cpp:PlatformImageForIconForExtension
./Editor/Platform/Linux/TempStubs.cpp:PlatformIma -> (artifact id: 'dcaee3f3aabf1921bf935a0b2ad46ddf') in 0.007038 seconds
  Import took 0.010994 seconds .

========================================================================
Received Import Request.
  Time since last request: 3.595645 seconds.
  path: Assets/Prefabs/Main Menu.prefab
  artifactKey: Guid(ea0296d3703ec4bfa9bbae30dd290df0) Importer(815301076,1909f56bfc062723c751e8b465ee728b)
Start importing Assets/Prefabs/Main Menu.prefab using Guid(ea0296d3703ec4bfa9bbae30dd290df0) Importer(815301076,1909f56bfc062723c751e8b465ee728b)  -> (artifact id: '08d3cd9e0326e02df4f1b40d52a99de9') in 0.006770 seconds
  Import took 0.010891 seconds .

========================================================================
Received Import Request.
  Time since last request: 2.895941 seconds.
  path: Assets/Prefabs/Main Menu.prefab
  artifactKey: Guid(ea0296d3703ec4bfa9bbae30dd290df0) Importer(815301076,1909f56bfc062723c751e8b465ee728b)
Start importing Assets/Prefabs/Main Menu.prefab using Guid(ea0296d3703ec4bfa9bbae30dd290df0) Importer(815301076,1909f56bfc062723c751e8b465ee728b)  -> (artifact id: '072b9dd59d667ce4b0b633ee401aa8db') in 0.007384 seconds
  Import took 0.011470 seconds .

========================================================================
Received Import Request.
  Time since last request: 3.297774 seconds.
  path: Assets/Prefabs/Main Menu.prefab
  artifactKey: Guid(ea0296d3703ec4bfa9bbae30dd290df0) Importer(815301076,1909f56bfc062723c751e8b465ee728b)
Start importing Assets/Prefabs/Main Menu.prefab using Guid(ea0296d3703ec4bfa9bbae30dd290df0) Importer(815301076,1909f56bfc062723c751e8b465ee728b)  -> (artifact id: '834a3a576043f86ad206da64f82c020a') in 0.006703 seconds
  Import took 0.010654 seconds .

========================================================================
Received Import Request.
  Time since last request: 3.557031 seconds.
  path: Assets/Prefabs/Main Menu.prefab
  artifactKey: Guid(ea0296d3703ec4bfa9bbae30dd290df0) Importer(815301076,1909f56bfc062723c751e8b465ee728b)
Start importing Assets/Prefabs/Main Menu.prefab using Guid(ea0296d3703ec4bfa9bbae30dd290df0) Importer(815301076,1909f56bfc062723c751e8b465ee728b)  -> (artifact id: 'ac2446e62050c4f7e2b3942022d3b430') in 0.006824 seconds
  Import took 0.010815 seconds .

========================================================================
Received Import Request.
  Time since last request: 3.351981 seconds.
  path: Assets/Prefabs/Main Menu.prefab
  artifactKey: Guid(ea0296d3703ec4bfa9bbae30dd290df0) Importer(815301076,1909f56bfc062723c751e8b465ee728b)
Start importing Assets/Prefabs/Main Menu.prefab using Guid(ea0296d3703ec4bfa9bbae30dd290df0) Importer(815301076,1909f56bfc062723c751e8b465ee728b)  -> (artifact id: '20ea1313f1590ae6acfef42733a9e8d1') in 0.006457 seconds
  Import took 0.010565 seconds .

========================================================================
Received Import Request.
  Time since last request: 2.643249 seconds.
  path: Assets/Prefabs/Main Menu.prefab
  artifactKey: Guid(ea0296d3703ec4bfa9bbae30dd290df0) Importer(815301076,1909f56bfc062723c751e8b465ee728b)
Start importing Assets/Prefabs/Main Menu.prefab using Guid(ea0296d3703ec4bfa9bbae30dd290df0) Importer(815301076,1909f56bfc062723c751e8b465ee728b)  -> (artifact id: 'db5171628e287dfb29866cc4731498b4') in 0.006217 seconds
  Import took 0.010107 seconds .

========================================================================
Received Import Request.
  Time since last request: 2.708801 seconds.
  path: Assets/Prefabs/Main Menu.prefab
  artifactKey: Guid(ea0296d3703ec4bfa9bbae30dd290df0) Importer(815301076,1909f56bfc062723c751e8b465ee728b)
Start importing Assets/Prefabs/Main Menu.prefab using Guid(ea0296d3703ec4bfa9bbae30dd290df0) Importer(815301076,1909f56bfc062723c751e8b465ee728b)  -> (artifact id: '45b046c2c6aac4b0bcca808468900351') in 0.006195 seconds
  Import took 0.010283 seconds .

========================================================================
Received Import Request.
  Time since last request: 2.557788 seconds.
  path: Assets/Prefabs/Main Menu.prefab
  artifactKey: Guid(ea0296d3703ec4bfa9bbae30dd290df0) Importer(815301076,1909f56bfc062723c751e8b465ee728b)
Start importing Assets/Prefabs/Main Menu.prefab using Guid(ea0296d3703ec4bfa9bbae30dd290df0) Importer(815301076,1909f56bfc062723c751e8b465ee728b)  -> (artifact id: '3804eb9c159ffe79c14fa12f5b439aaa') in 0.006516 seconds
  Import took 0.010682 seconds .

========================================================================
Received Import Request.
  Time since last request: 4.518061 seconds.
  path: Assets/Prefabs/Main Menu.prefab
  artifactKey: Guid(ea0296d3703ec4bfa9bbae30dd290df0) Importer(815301076,1909f56bfc062723c751e8b465ee728b)
Start importing Assets/Prefabs/Main Menu.prefab using Guid(ea0296d3703ec4bfa9bbae30dd290df0) Importer(815301076,1909f56bfc062723c751e8b465ee728b)  -> (artifact id: 'f77202441bb728ef44e8db4b08d457d6') in 0.007588 seconds
  Import took 0.011686 seconds .

========================================================================
Received Import Request.
  Time since last request: 2.734746 seconds.
  path: Assets/Prefabs/Main Menu.prefab
  artifactKey: Guid(ea0296d3703ec4bfa9bbae30dd290df0) Importer(815301076,1909f56bfc062723c751e8b465ee728b)
Start importing Assets/Prefabs/Main Menu.prefab using Guid(ea0296d3703ec4bfa9bbae30dd290df0) Importer(815301076,1909f56bfc062723c751e8b465ee728b)  -> (artifact id: 'c8b93a027c8d640e451710e8c9417378') in 0.006220 seconds
  Import took 0.010091 seconds .

========================================================================
Received Import Request.
  Time since last request: 3.126381 seconds.
  path: Assets/Prefabs/Main Menu.prefab
  artifactKey: Guid(ea0296d3703ec4bfa9bbae30dd290df0) Importer(815301076,1909f56bfc062723c751e8b465ee728b)
Start importing Assets/Prefabs/Main Menu.prefab using Guid(ea0296d3703ec4bfa9bbae30dd290df0) Importer(815301076,1909f56bfc062723c751e8b465ee728b)  -> (artifact id: '13469f3da74c11bc1164e230ca907ebc') in 0.006513 seconds
  Import took 0.010344 seconds .

========================================================================
Received Import Request.
  Time since last request: 2.765947 seconds.
  path: Assets/Prefabs/Main Menu.prefab
  artifactKey: Guid(ea0296d3703ec4bfa9bbae30dd290df0) Importer(815301076,1909f56bfc062723c751e8b465ee728b)
Start importing Assets/Prefabs/Main Menu.prefab using Guid(ea0296d3703ec4bfa9bbae30dd290df0) Importer(815301076,1909f56bfc062723c751e8b465ee728b)  -> (artifact id: '02eb49a2f146c43640023b4124665be9') in 0.006462 seconds
  Import took 0.010446 seconds .

========================================================================
Received Import Request.
  Time since last request: 2.747384 seconds.
  path: Assets/Prefabs/Main Menu.prefab
  artifactKey: Guid(ea0296d3703ec4bfa9bbae30dd290df0) Importer(815301076,1909f56bfc062723c751e8b465ee728b)
Start importing Assets/Prefabs/Main Menu.prefab using Guid(ea0296d3703ec4bfa9bbae30dd290df0) Importer(815301076,1909f56bfc062723c751e8b465ee728b)  -> (artifact id: 'b8913b1ff9217d2c2a7bc049d5801323') in 0.007132 seconds
  Import took 0.010995 seconds .

========================================================================
Received Import Request.
  Time since last request: 2.790266 seconds.
  path: Assets/Prefabs/Main Menu.prefab
  artifactKey: Guid(ea0296d3703ec4bfa9bbae30dd290df0) Importer(815301076,1909f56bfc062723c751e8b465ee728b)
Start importing Assets/Prefabs/Main Menu.prefab using Guid(ea0296d3703ec4bfa9bbae30dd290df0) Importer(815301076,1909f56bfc062723c751e8b465ee728b)  -> (artifact id: 'fbd5e12c6ba36b064401afde46333b08') in 0.006084 seconds
  Import took 0.010187 seconds .

========================================================================
Received Import Request.
  Time since last request: 2.433059 seconds.
  path: Assets/Prefabs/Main Menu.prefab
  artifactKey: Guid(ea0296d3703ec4bfa9bbae30dd290df0) Importer(815301076,1909f56bfc062723c751e8b465ee728b)
Start importing Assets/Prefabs/Main Menu.prefab using Guid(ea0296d3703ec4bfa9bbae30dd290df0) Importer(815301076,1909f56bfc062723c751e8b465ee728b)  -> (artifact id: '9b90cce9bac93725b9227adddea94b12') in 0.006220 seconds
  Import took 0.010010 seconds .

========================================================================
Received Import Request.
  Time since last request: 2.484706 seconds.
  path: Assets/Prefabs/Main Menu.prefab
  artifactKey: Guid(ea0296d3703ec4bfa9bbae30dd290df0) Importer(815301076,1909f56bfc062723c751e8b465ee728b)
Start importing Assets/Prefabs/Main Menu.prefab using Guid(ea0296d3703ec4bfa9bbae30dd290df0) Importer(815301076,1909f56bfc062723c751e8b465ee728b)  -> (artifact id: '52a8b919e74c0930735b8b3ab9962cf7') in 0.006611 seconds
  Import took 0.011015 seconds .

========================================================================
Received Import Request.
  Time since last request: 16.597748 seconds.
  path: Assets/Prefabs/Main Menu.prefab
  artifactKey: Guid(ea0296d3703ec4bfa9bbae30dd290df0) Importer(815301076,1909f56bfc062723c751e8b465ee728b)
Start importing Assets/Prefabs/Main Menu.prefab using Guid(ea0296d3703ec4bfa9bbae30dd290df0) Importer(815301076,1909f56bfc062723c751e8b465ee728b)  -> (artifact id: 'ea15721f36a064196aa92c6340efc6d8') in 0.007213 seconds
  Import took 0.011013 seconds .

========================================================================
Received Import Request.
  Time since last request: 4.918412 seconds.
  path: Assets/Prefabs/Main Menu.prefab
  artifactKey: Guid(ea0296d3703ec4bfa9bbae30dd290df0) Importer(815301076,1909f56bfc062723c751e8b465ee728b)
Start importing Assets/Prefabs/Main Menu.prefab using Guid(ea0296d3703ec4bfa9bbae30dd290df0) Importer(815301076,1909f56bfc062723c751e8b465ee728b)  -> (artifact id: '3dd1e0eb2022fd8924a97ec323b7cff2') in 0.006263 seconds
  Import took 0.010815 seconds .

========================================================================
Received Import Request.
  Time since last request: 5.615573 seconds.
  path: Assets/Prefabs/Main Menu.prefab
  artifactKey: Guid(ea0296d3703ec4bfa9bbae30dd290df0) Importer(815301076,1909f56bfc062723c751e8b465ee728b)
Start importing Assets/Prefabs/Main Menu.prefab using Guid(ea0296d3703ec4bfa9bbae30dd290df0) Importer(815301076,1909f56bfc062723c751e8b465ee728b)  -> (artifact id: 'ab8bc2ddfdf0e90f13ba787bac765f49') in 0.006745 seconds
  Import took 0.010685 seconds .

========================================================================
Received Import Request.
  Time since last request: 3.512800 seconds.
  path: Assets/Prefabs/Main Menu.prefab
  artifactKey: Guid(ea0296d3703ec4bfa9bbae30dd290df0) Importer(815301076,1909f56bfc062723c751e8b465ee728b)
Start importing Assets/Prefabs/Main Menu.prefab using Guid(ea0296d3703ec4bfa9bbae30dd290df0) Importer(815301076,1909f56bfc062723c751e8b465ee728b)  -> (artifact id: '724c39039039754758b7f43316e0f312') in 0.007239 seconds
  Import took 0.011988 seconds .

========================================================================
Received Import Request.
  Time since last request: 4.495676 seconds.
  path: Assets/Prefabs/Main Menu.prefab
  artifactKey: Guid(ea0296d3703ec4bfa9bbae30dd290df0) Importer(815301076,1909f56bfc062723c751e8b465ee728b)
Start importing Assets/Prefabs/Main Menu.prefab using Guid(ea0296d3703ec4bfa9bbae30dd290df0) Importer(815301076,1909f56bfc062723c751e8b465ee728b)  -> (artifact id: '998d1c20e1b7ce1aa9f710449c9cc125') in 0.008459 seconds
  Import took 0.012465 seconds .

========================================================================
Received Import Request.
  Time since last request: 4.119560 seconds.
  path: Assets/Prefabs/Main Menu.prefab
  artifactKey: Guid(ea0296d3703ec4bfa9bbae30dd290df0) Importer(815301076,1909f56bfc062723c751e8b465ee728b)
Start importing Assets/Prefabs/Main Menu.prefab using Guid(ea0296d3703ec4bfa9bbae30dd290df0) Importer(815301076,1909f56bfc062723c751e8b465ee728b)  -> (artifact id: '6a9d1d7c5352bca9650e0bd7d5b6f579') in 0.007249 seconds
  Import took 0.011271 seconds .

========================================================================
Received Import Request.
  Time since last request: 4.537917 seconds.
  path: Assets/Prefabs/Main Menu.prefab
  artifactKey: Guid(ea0296d3703ec4bfa9bbae30dd290df0) Importer(815301076,1909f56bfc062723c751e8b465ee728b)
Start importing Assets/Prefabs/Main Menu.prefab using Guid(ea0296d3703ec4bfa9bbae30dd290df0) Importer(815301076,1909f56bfc062723c751e8b465ee728b)  -> (artifact id: 'b93f597125e02781eb089f45eaf5a4b0') in 0.006200 seconds
  Import took 0.010075 seconds .

========================================================================
Received Import Request.
  Time since last request: 3.722415 seconds.
  path: Assets/Prefabs/Main Menu.prefab
  artifactKey: Guid(ea0296d3703ec4bfa9bbae30dd290df0) Importer(815301076,1909f56bfc062723c751e8b465ee728b)
Start importing Assets/Prefabs/Main Menu.prefab using Guid(ea0296d3703ec4bfa9bbae30dd290df0) Importer(815301076,1909f56bfc062723c751e8b465ee728b)  -> (artifact id: '1e5617b2f95cb7fb633d7643408ec695') in 0.006011 seconds
  Import took 0.010196 seconds .

========================================================================
Received Import Request.
  Time since last request: 3.723644 seconds.
  path: Assets/Prefabs/Main Menu.prefab
  artifactKey: Guid(ea0296d3703ec4bfa9bbae30dd290df0) Importer(815301076,1909f56bfc062723c751e8b465ee728b)
Start importing Assets/Prefabs/Main Menu.prefab using Guid(ea0296d3703ec4bfa9bbae30dd290df0) Importer(815301076,1909f56bfc062723c751e8b465ee728b)  -> (artifact id: '073b48fcbfc755a946932a9c10d5c07d') in 0.006433 seconds
  Import took 0.010494 seconds .

========================================================================
Received Import Request.
  Time since last request: 3.908854 seconds.
  path: Assets/Prefabs/Main Menu.prefab
  artifactKey: Guid(ea0296d3703ec4bfa9bbae30dd290df0) Importer(815301076,1909f56bfc062723c751e8b465ee728b)
Start importing Assets/Prefabs/Main Menu.prefab using Guid(ea0296d3703ec4bfa9bbae30dd290df0) Importer(815301076,1909f56bfc062723c751e8b465ee728b)  -> (artifact id: '26660ba0d04e92375225633d1e56dbfc') in 0.007106 seconds
  Import took 0.011101 seconds .

========================================================================
Received Import Request.
  Time since last request: 3.679290 seconds.
  path: Assets/Prefabs/Main Menu.prefab
  artifactKey: Guid(ea0296d3703ec4bfa9bbae30dd290df0) Importer(815301076,1909f56bfc062723c751e8b465ee728b)
Start importing Assets/Prefabs/Main Menu.prefab using Guid(ea0296d3703ec4bfa9bbae30dd290df0) Importer(815301076,1909f56bfc062723c751e8b465ee728b)  -> (artifact id: 'c82a3f0b57aa72293007c401943b1731') in 0.010103 seconds
  Import took 0.014166 seconds .

========================================================================
Received Import Request.
  Time since last request: 4.763376 seconds.
  path: Assets/Prefabs/Main Menu.prefab
  artifactKey: Guid(ea0296d3703ec4bfa9bbae30dd290df0) Importer(815301076,1909f56bfc062723c751e8b465ee728b)
Start importing Assets/Prefabs/Main Menu.prefab using Guid(ea0296d3703ec4bfa9bbae30dd290df0) Importer(815301076,1909f56bfc062723c751e8b465ee728b)  -> (artifact id: '774c025fba891a156c9721bbec189f6f') in 0.006393 seconds
  Import took 0.010354 seconds .

========================================================================
Received Import Request.
  Time since last request: 3.957908 seconds.
  path: Assets/Prefabs/Main Menu.prefab
  artifactKey: Guid(ea0296d3703ec4bfa9bbae30dd290df0) Importer(815301076,1909f56bfc062723c751e8b465ee728b)
Start importing Assets/Prefabs/Main Menu.prefab using Guid(ea0296d3703ec4bfa9bbae30dd290df0) Importer(815301076,1909f56bfc062723c751e8b465ee728b)  -> (artifact id: 'f5056610243ff6aa93e5ebff83374f8b') in 0.006577 seconds
  Import took 0.010585 seconds .

========================================================================
Received Import Request.
  Time since last request: 6.234612 seconds.
  path: Assets/Prefabs/Main Menu.prefab
  artifactKey: Guid(ea0296d3703ec4bfa9bbae30dd290df0) Importer(815301076,1909f56bfc062723c751e8b465ee728b)
Start importing Assets/Prefabs/Main Menu.prefab using Guid(ea0296d3703ec4bfa9bbae30dd290df0) Importer(815301076,1909f56bfc062723c751e8b465ee728b)  -> (artifact id: '2ce903d9b8043281139a205b54df0d08') in 0.007221 seconds
  Import took 0.011201 seconds .

========================================================================
Received Import Request.
  Time since last request: 4.295514 seconds.
  path: Assets/Prefabs/Main Menu.prefab
  artifactKey: Guid(ea0296d3703ec4bfa9bbae30dd290df0) Importer(815301076,1909f56bfc062723c751e8b465ee728b)
Start importing Assets/Prefabs/Main Menu.prefab using Guid(ea0296d3703ec4bfa9bbae30dd290df0) Importer(815301076,1909f56bfc062723c751e8b465ee728b)  -> (artifact id: 'd5dd0d31f8fa1fed2c25fe14a6507f1c') in 0.008938 seconds
  Import took 0.013170 seconds .

========================================================================
Received Import Request.
  Time since last request: 4.218982 seconds.
  path: Assets/Prefabs/Main Menu.prefab
  artifactKey: Guid(ea0296d3703ec4bfa9bbae30dd290df0) Importer(815301076,1909f56bfc062723c751e8b465ee728b)
Start importing Assets/Prefabs/Main Menu.prefab using Guid(ea0296d3703ec4bfa9bbae30dd290df0) Importer(815301076,1909f56bfc062723c751e8b465ee728b)  -> (artifact id: '34181716b420609890d202314ca11fd8') in 0.006583 seconds
  Import took 0.010925 seconds .

========================================================================
Received Import Request.
  Time since last request: 3.964937 seconds.
  path: Assets/Prefabs/Main Menu.prefab
  artifactKey: Guid(ea0296d3703ec4bfa9bbae30dd290df0) Importer(815301076,1909f56bfc062723c751e8b465ee728b)
Start importing Assets/Prefabs/Main Menu.prefab using Guid(ea0296d3703ec4bfa9bbae30dd290df0) Importer(815301076,1909f56bfc062723c751e8b465ee728b)  -> (artifact id: 'c7489ebf25db4877cedacf009256beac') in 0.006770 seconds
  Import took 0.010710 seconds .

========================================================================
Received Import Request.
  Time since last request: 4.374800 seconds.
  path: Assets/Prefabs/Main Menu.prefab
  artifactKey: Guid(ea0296d3703ec4bfa9bbae30dd290df0) Importer(815301076,1909f56bfc062723c751e8b465ee728b)
Start importing Assets/Prefabs/Main Menu.prefab using Guid(ea0296d3703ec4bfa9bbae30dd290df0) Importer(815301076,1909f56bfc062723c751e8b465ee728b)  -> (artifact id: '39211e9d25659f52d46b157ccb61c5b4') in 0.006213 seconds
  Import took 0.010079 seconds .

========================================================================
Received Import Request.
  Time since last request: 3.738745 seconds.
  path: Assets/Prefabs/Main Menu.prefab
  artifactKey: Guid(ea0296d3703ec4bfa9bbae30dd290df0) Importer(815301076,1909f56bfc062723c751e8b465ee728b)
Start importing Assets/Prefabs/Main Menu.prefab using Guid(ea0296d3703ec4bfa9bbae30dd290df0) Importer(815301076,1909f56bfc062723c751e8b465ee728b)  -> (artifact id: 'd1547f21566ee5f004aa21f490052dce') in 0.007343 seconds
  Import took 0.011329 seconds .

========================================================================
Received Import Request.
  Time since last request: 3.739347 seconds.
  path: Assets/Prefabs/Main Menu.prefab
  artifactKey: Guid(ea0296d3703ec4bfa9bbae30dd290df0) Importer(815301076,1909f56bfc062723c751e8b465ee728b)
Start importing Assets/Prefabs/Main Menu.prefab using Guid(ea0296d3703ec4bfa9bbae30dd290df0) Importer(815301076,1909f56bfc062723c751e8b465ee728b)  -> (artifact id: '1c9dea35bc30347927b363ff98079960') in 0.010695 seconds
  Import took 0.015282 seconds .

========================================================================
Received Import Request.
  Time since last request: 4.451324 seconds.
  path: Assets/Prefabs/Main Menu.prefab
  artifactKey: Guid(ea0296d3703ec4bfa9bbae30dd290df0) Importer(815301076,1909f56bfc062723c751e8b465ee728b)
Start importing Assets/Prefabs/Main Menu.prefab using Guid(ea0296d3703ec4bfa9bbae30dd290df0) Importer(815301076,1909f56bfc062723c751e8b465ee728b)  -> (artifact id: 'ab4b0eda22ae6169cd9942125895bf27') in 0.006656 seconds
  Import took 0.010829 seconds .

========================================================================
Received Import Request.
  Time since last request: 3.541160 seconds.
  path: Assets/Prefabs/Main Menu.prefab
  artifactKey: Guid(ea0296d3703ec4bfa9bbae30dd290df0) Importer(815301076,1909f56bfc062723c751e8b465ee728b)
Start importing Assets/Prefabs/Main Menu.prefab using Guid(ea0296d3703ec4bfa9bbae30dd290df0) Importer(815301076,1909f56bfc062723c751e8b465ee728b)  -> (artifact id: '8418726357cfafacb0301e5fdd08dacf') in 0.005943 seconds
  Import took 0.009833 seconds .

========================================================================
Received Import Request.
  Time since last request: 9.261047 seconds.
  path: Assets/Prefabs/Main Menu.prefab
  artifactKey: Guid(ea0296d3703ec4bfa9bbae30dd290df0) Importer(815301076,1909f56bfc062723c751e8b465ee728b)
Start importing Assets/Prefabs/Main Menu.prefab using Guid(ea0296d3703ec4bfa9bbae30dd290df0) Importer(815301076,1909f56bfc062723c751e8b465ee728b)  -> (artifact id: '427dac71b9de04e80c9e63616ecd4429') in 0.009457 seconds
  Import took 0.013577 seconds .

========================================================================
Received Import Request.
  Time since last request: 5.571057 seconds.
  path: Assets/Prefabs/Main Menu.prefab
  artifactKey: Guid(ea0296d3703ec4bfa9bbae30dd290df0) Importer(815301076,1909f56bfc062723c751e8b465ee728b)
Start importing Assets/Prefabs/Main Menu.prefab using Guid(ea0296d3703ec4bfa9bbae30dd290df0) Importer(815301076,1909f56bfc062723c751e8b465ee728b)  -> (artifact id: '6e424a01e0f1fb0193a086bb0d11aaf9') in 0.006252 seconds
  Import took 0.010167 seconds .

========================================================================
Received Import Request.
  Time since last request: 4.092436 seconds.
  path: Assets/Prefabs/Main Menu.prefab
  artifactKey: Guid(ea0296d3703ec4bfa9bbae30dd290df0) Importer(815301076,1909f56bfc062723c751e8b465ee728b)
Start importing Assets/Prefabs/Main Menu.prefab using Guid(ea0296d3703ec4bfa9bbae30dd290df0) Importer(815301076,1909f56bfc062723c751e8b465ee728b)  -> (artifact id: 'b9fd20219701a2d049c7b7bdfa72672e') in 0.006072 seconds
  Import took 0.010014 seconds .

========================================================================
Received Import Request.
  Time since last request: 7.600253 seconds.
  path: Assets/Prefabs/Main Menu.prefab
  artifactKey: Guid(ea0296d3703ec4bfa9bbae30dd290df0) Importer(815301076,1909f56bfc062723c751e8b465ee728b)
Start importing Assets/Prefabs/Main Menu.prefab using Guid(ea0296d3703ec4bfa9bbae30dd290df0) Importer(815301076,1909f56bfc062723c751e8b465ee728b)  -> (artifact id: '681f5d7328a796b111098bd1acda9182') in 0.006168 seconds
  Import took 0.010227 seconds .

========================================================================
Received Prepare
Registering precompiled user dll's ...
Registered in 0.002041 seconds.
Begin MonoManager ReloadAssembly
Native extension for LinuxStandalone target not found
Native extension for WebGL target not found
Refreshing native plugins compatible for Editor in 0.48 ms, found 1 plugins.
Preloading 0 native plugins for Editor in 0.00 ms.
Invoked RoslynAnalysisRunner static constructor.
RoslynAnalysisRunner will not be running.
RoslynAnalysisRunner has terminated.
Mono: successfully reloaded assembly
- Completed reload, in  1.052 seconds
Platform modules already initialized, skipping
Refreshing native plugins compatible for Editor in 0.44 ms, found 1 plugins.
Preloading 0 native plugins for Editor in 0.00 ms.
Unloading 1841 Unused Serialized files (Serialized files now loaded: 0)
System memory in use before: 100.6 MB.
System memory in use after: 100.6 MB.

Unloading 19 unused Assets to reduce memory usage. Loaded Objects now: 2324.
Total: 3.244092 ms (FindLiveObjects: 0.218269 ms CreateObjectMapping: 0.105966 ms MarkObjects: 2.767750 ms  DeleteObjects: 0.146835 ms)

========================================================================
Received Prepare
Registering precompiled user dll's ...
Registered in 0.001794 seconds.
Begin MonoManager ReloadAssembly
Native extension for LinuxStandalone target not found
Native extension for WebGL target not found
Refreshing native plugins compatible for Editor in 0.42 ms, found 1 plugins.
Preloading 0 native plugins for Editor in 0.00 ms.
Invoked RoslynAnalysisRunner static constructor.
RoslynAnalysisRunner will not be running.
RoslynAnalysisRunner has terminated.
Mono: successfully reloaded assembly
- Completed reload, in  1.059 seconds
Platform modules already initialized, skipping
Refreshing native plugins compatible for Editor in 0.44 ms, found 1 plugins.
Preloading 0 native plugins for Editor in 0.00 ms.
Unloading 1841 Unused Serialized files (Serialized files now loaded: 0)
System memory in use before: 100.6 MB.
System memory in use after: 100.6 MB.

Unloading 17 unused Assets to reduce memory usage. Loaded Objects now: 2327.
Total: 3.860680 ms (FindLiveObjects: 0.279897 ms CreateObjectMapping: 0.141112 ms MarkObjects: 3.278338 ms  DeleteObjects: 0.155849 ms)

========================================================================
Received Import Request.
  Time since last request: 688.199649 seconds.
  path: Assets/Prefabs/Main Menu.prefab
  artifactKey: Guid(ea0296d3703ec4bfa9bbae30dd290df0) Importer(815301076,1909f56bfc062723c751e8b465ee728b)
Start importing Assets/Prefabs/Main Menu.prefab using Guid(ea0296d3703ec4bfa9bbae30dd290df0) Importer(815301076,1909f56bfc062723c751e8b465ee728b)  -> (artifact id: '93b7b5a636b614acf8f2aec57f9dfead') in 0.055058 seconds
  Import took 0.059334 seconds .

========================================================================
Received Import Request.
  Time since last request: 10.369714 seconds.
  path: Assets/Prefabs/Main Menu.prefab
  artifactKey: Guid(ea0296d3703ec4bfa9bbae30dd290df0) Importer(815301076,1909f56bfc062723c751e8b465ee728b)
Start importing Assets/Prefabs/Main Menu.prefab using Guid(ea0296d3703ec4bfa9bbae30dd290df0) Importer(815301076,1909f56bfc062723c751e8b465ee728b)  -> (artifact id: '8f3648f8c6606c0dba7f222bb81bfdcd') in 0.007317 seconds
  Import took 0.011203 seconds .

========================================================================
Received Prepare
Registering precompiled user dll's ...
Registered in 0.001742 seconds.
Begin MonoManager ReloadAssembly
Native extension for LinuxStandalone target not found
Native extension for WebGL target not found
Refreshing native plugins compatible for Editor in 0.45 ms, found 1 plugins.
Preloading 0 native plugins for Editor in 0.00 ms.
Invoked RoslynAnalysisRunner static constructor.
RoslynAnalysisRunner will not be running.
RoslynAnalysisRunner has terminated.
Mono: successfully reloaded assembly
- Completed reload, in  1.001 seconds
Platform modules already initialized, skipping
Refreshing native plugins compatible for Editor in 0.42 ms, found 1 plugins.
Preloading 0 native plugins for Editor in 0.00 ms.
Unloading 1841 Unused Serialized files (Serialized files now loaded: 0)
System memory in use before: 100.6 MB.
System memory in use after: 100.6 MB.

Unloading 19 unused Assets to reduce memory usage. Loaded Objects now: 2330.
Total: 3.291465 ms (FindLiveObjects: 0.205880 ms CreateObjectMapping: 0.081586 ms MarkObjects: 2.839777 ms  DeleteObjects: 0.158872 ms)

========================================================================
Received Prepare
Registering precompiled user dll's ...
Registered in 0.002090 seconds.
Begin MonoManager ReloadAssembly
Native extension for LinuxStandalone target not found
Native extension for WebGL target not found
Refreshing native plugins compatible for Editor in 0.43 ms, found 1 plugins.
Preloading 0 native plugins for Editor in 0.00 ms.
Invoked RoslynAnalysisRunner static constructor.
RoslynAnalysisRunner will not be running.
RoslynAnalysisRunner has terminated.
Mono: successfully reloaded assembly
- Completed reload, in  1.002 seconds
Platform modules already initialized, skipping
Refreshing native plugins compatible for Editor in 0.48 ms, found 1 plugins.
Preloading 0 native plugins for Editor in 0.00 ms.
Unloading 1841 Unused Serialized files (Serialized files now loaded: 0)
System memory in use before: 100.6 MB.
System memory in use after: 100.6 MB.

Unloading 17 unused Assets to reduce memory usage. Loaded Objects now: 2333.
Total: 3.329126 ms (FindLiveObjects: 0.259986 ms CreateObjectMapping: 0.092375 ms MarkObjects: 2.801834 ms  DeleteObjects: 0.169352 ms)

========================================================================
Received Prepare
Registering precompiled user dll's ...
Registered in 0.001810 seconds.
Begin MonoManager ReloadAssembly
Native extension for LinuxStandalone target not found
Native extension for WebGL target not found
Refreshing native plugins compatible for Editor in 0.54 ms, found 1 plugins.
Preloading 0 native plugins for Editor in 0.00 ms.
Invoked RoslynAnalysisRunner static constructor.
RoslynAnalysisRunner will not be running.
RoslynAnalysisRunner has terminated.
Mono: successfully reloaded assembly
- Completed reload, in  1.084 seconds
Platform modules already initialized, skipping
Refreshing native plugins compatible for Editor in 0.45 ms, found 1 plugins.
Preloading 0 native plugins for Editor in 0.00 ms.
Unloading 1841 Unused Serialized files (Serialized files now loaded: 0)
System memory in use before: 100.6 MB.
System memory in use after: 100.6 MB.

Unloading 17 unused Assets to reduce memory usage. Loaded Objects now: 2336.
Total: 3.831936 ms (FindLiveObjects: 0.286110 ms CreateObjectMapping: 0.108196 ms MarkObjects: 3.203656 ms  DeleteObjects: 0.228090 ms)

========================================================================
Received Prepare
Registering precompiled user dll's ...
Registered in 0.001963 seconds.
Begin MonoManager ReloadAssembly
Native extension for LinuxStandalone target not found
Native extension for WebGL target not found
Refreshing native plugins compatible for Editor in 0.43 ms, found 1 plugins.
Preloading 0 native plugins for Editor in 0.00 ms.
Invoked RoslynAnalysisRunner static constructor.
RoslynAnalysisRunner will not be running.
RoslynAnalysisRunner has terminated.
Mono: successfully reloaded assembly
- Completed reload, in  1.046 seconds
Platform modules already initialized, skipping
Refreshing native plugins compatible for Editor in 0.46 ms, found 1 plugins.
Preloading 0 native plugins for Editor in 0.00 ms.
Unloading 1841 Unused Serialized files (Serialized files now loaded: 0)
System memory in use before: 100.6 MB.
System memory in use after: 100.6 MB.

Unloading 17 unused Assets to reduce memory usage. Loaded Objects now: 2339.
Total: 3.247244 ms (FindLiveObjects: 0.225400 ms CreateObjectMapping: 0.080652 ms MarkObjects: 2.768345 ms  DeleteObjects: 0.166655 ms)

========================================================================
Received Prepare
Registering precompiled user dll's ...
Registered in 0.001847 seconds.
Begin MonoManager ReloadAssembly
Native extension for LinuxStandalone target not found
Native extension for WebGL target not found
Refreshing native plugins compatible for Editor in 0.58 ms, found 1 plugins.
Preloading 0 native plugins for Editor in 0.00 ms.
Invoked RoslynAnalysisRunner static constructor.
RoslynAnalysisRunner will not be running.
RoslynAnalysisRunner has terminated.
Mono: successfully reloaded assembly
- Completed reload, in  1.066 seconds
Platform modules already initialized, skipping
Refreshing native plugins compatible for Editor in 0.49 ms, found 1 plugins.
Preloading 0 native plugins for Editor in 0.00 ms.
Unloading 1841 Unused Serialized files (Serialized files now loaded: 0)
System memory in use before: 100.7 MB.
System memory in use after: 100.6 MB.

Unloading 17 unused Assets to reduce memory usage. Loaded Objects now: 2342.
Total: 3.234496 ms (FindLiveObjects: 0.211584 ms CreateObjectMapping: 0.079553 ms MarkObjects: 2.782249 ms  DeleteObjects: 0.156353 ms)

========================================================================
Received Prepare
Registering precompiled user dll's ...
Registered in 0.005394 seconds.
Begin MonoManager ReloadAssembly
Native extension for LinuxStandalone target not found
Native extension for WebGL target not found
Refreshing native plugins compatible for Editor in 0.54 ms, found 1 plugins.
Preloading 0 native plugins for Editor in 0.00 ms.
Invoked RoslynAnalysisRunner static constructor.
RoslynAnalysisRunner will not be running.
RoslynAnalysisRunner has terminated.
Mono: successfully reloaded assembly
- Completed reload, in  0.998 seconds
Platform modules already initialized, skipping
Refreshing native plugins compatible for Editor in 0.43 ms, found 1 plugins.
Preloading 0 native plugins for Editor in 0.00 ms.
Unloading 1841 Unused Serialized files (Serialized files now loaded: 0)
System memory in use before: 100.7 MB.
System memory in use after: 100.6 MB.

Unloading 17 unused Assets to reduce memory usage. Loaded Objects now: 2345.
Total: 3.330903 ms (FindLiveObjects: 0.202450 ms CreateObjectMapping: 0.075622 ms MarkObjects: 2.843305 ms  DeleteObjects: 0.204350 ms)

========================================================================
Received Prepare
Registering precompiled user dll's ...
Registered in 0.001922 seconds.
Begin MonoManager ReloadAssembly
Native extension for LinuxStandalone target not found
Native extension for WebGL target not found
Refreshing native plugins compatible for Editor in 0.50 ms, found 1 plugins.
Preloading 0 native plugins for Editor in 0.00 ms.
Invoked RoslynAnalysisRunner static constructor.
RoslynAnalysisRunner will not be running.
RoslynAnalysisRunner has terminated.
Mono: successfully reloaded assembly
- Completed reload, in  1.105 seconds
Platform modules already initialized, skipping
Refreshing native plugins compatible for Editor in 0.46 ms, found 1 plugins.
Preloading 0 native plugins for Editor in 0.00 ms.
Unloading 1841 Unused Serialized files (Serialized files now loaded: 0)
System memory in use before: 100.7 MB.
System memory in use after: 100.7 MB.

Unloading 17 unused Assets to reduce memory usage. Loaded Objects now: 2348.
Total: 3.463477 ms (FindLiveObjects: 0.253020 ms CreateObjectMapping: 0.095363 ms MarkObjects: 2.943897 ms  DeleteObjects: 0.166031 ms)

========================================================================
Received Prepare
Registering precompiled user dll's ...
Registered in 0.001905 seconds.
Begin MonoManager ReloadAssembly
Native extension for LinuxStandalone target not found
Native extension for WebGL target not found
Refreshing native plugins compatible for Editor in 0.45 ms, found 1 plugins.
Preloading 0 native plugins for Editor in 0.00 ms.
Invoked RoslynAnalysisRunner static constructor.
RoslynAnalysisRunner will not be running.
RoslynAnalysisRunner has terminated.
Mono: successfully reloaded assembly
- Completed reload, in  1.070 seconds
Platform modules already initialized, skipping
Refreshing native plugins compatible for Editor in 0.49 ms, found 1 plugins.
Preloading 0 native plugins for Editor in 0.00 ms.
Unloading 1841 Unused Serialized files (Serialized files now loaded: 0)
System memory in use before: 100.7 MB.
System memory in use after: 100.7 MB.

Unloading 17 unused Assets to reduce memory usage. Loaded Objects now: 2351.
Total: 3.153813 ms (FindLiveObjects: 0.210312 ms CreateObjectMapping: 0.081981 ms MarkObjects: 2.708195 ms  DeleteObjects: 0.148403 ms)

========================================================================
Received Prepare
Registering precompiled user dll's ...
Registered in 0.001952 seconds.
Begin MonoManager ReloadAssembly
Native extension for LinuxStandalone target not found
Native extension for WebGL target not found
Refreshing native plugins compatible for Editor in 0.49 ms, found 1 plugins.
Preloading 0 native plugins for Editor in 0.00 ms.
Invoked RoslynAnalysisRunner static constructor.
RoslynAnalysisRunner will not be running.
RoslynAnalysisRunner has terminated.
Mono: successfully reloaded assembly
- Completed reload, in  1.136 seconds
Platform modules already initialized, skipping
Refreshing native plugins compatible for Editor in 0.46 ms, found 1 plugins.
Preloading 0 native plugins for Editor in 0.00 ms.
Unloading 1841 Unused Serialized files (Serialized files now loaded: 0)
System memory in use before: 100.7 MB.
System memory in use after: 100.7 MB.

Unloading 17 unused Assets to reduce memory usage. Loaded Objects now: 2354.
Total: 3.690063 ms (FindLiveObjects: 0.271770 ms CreateObjectMapping: 0.096248 ms MarkObjects: 3.155081 ms  DeleteObjects: 0.161074 ms)

========================================================================
Received Prepare
Registering precompiled user dll's ...
Registered in 0.001863 seconds.
Begin MonoManager ReloadAssembly
Native extension for LinuxStandalone target not found
Native extension for WebGL target not found
Refreshing native plugins compatible for Editor in 0.43 ms, found 1 plugins.
Preloading 0 native plugins for Editor in 0.00 ms.
Invoked RoslynAnalysisRunner static constructor.
RoslynAnalysisRunner will not be running.
RoslynAnalysisRunner has terminated.
Mono: successfully reloaded assembly
- Completed reload, in  1.033 seconds
Platform modules already initialized, skipping
Refreshing native plugins compatible for Editor in 0.45 ms, found 1 plugins.
Preloading 0 native plugins for Editor in 0.00 ms.
Unloading 1841 Unused Serialized files (Serialized files now loaded: 0)
System memory in use before: 100.7 MB.
System memory in use after: 100.7 MB.

Unloading 17 unused Assets to reduce memory usage. Loaded Objects now: 2357.
Total: 3.381214 ms (FindLiveObjects: 0.222467 ms CreateObjectMapping: 0.082440 ms MarkObjects: 2.890976 ms  DeleteObjects: 0.180234 ms)

========================================================================
Received Prepare
Registering precompiled user dll's ...
Registered in 0.001990 seconds.
Begin MonoManager ReloadAssembly
Native extension for LinuxStandalone target not found
Native extension for WebGL target not found
Refreshing native plugins compatible for Editor in 0.49 ms, found 1 plugins.
Preloading 0 native plugins for Editor in 0.00 ms.
Invoked RoslynAnalysisRunner static constructor.
RoslynAnalysisRunner will not be running.
RoslynAnalysisRunner has terminated.
Mono: successfully reloaded assembly
- Completed reload, in  1.077 seconds
Platform modules already initialized, skipping
Refreshing native plugins compatible for Editor in 0.41 ms, found 1 plugins.
Preloading 0 native plugins for Editor in 0.00 ms.
Unloading 1841 Unused Serialized files (Serialized files now loaded: 0)
System memory in use before: 100.7 MB.
System memory in use after: 100.7 MB.

Unloading 17 unused Assets to reduce memory usage. Loaded Objects now: 2360.
Total: 3.241821 ms (FindLiveObjects: 0.233565 ms CreateObjectMapping: 0.076660 ms MarkObjects: 2.728028 ms  DeleteObjects: 0.198653 ms)

========================================================================
Received Import Request.
  Time since last request: 457.834551 seconds.
  path: Assets/Prefabs/Main Menu.prefab
  artifactKey: Guid(ea0296d3703ec4bfa9bbae30dd290df0) Importer(815301076,1909f56bfc062723c751e8b465ee728b)
Start importing Assets/Prefabs/Main Menu.prefab using Guid(ea0296d3703ec4bfa9bbae30dd290df0) Importer(815301076,1909f56bfc062723c751e8b465ee728b)  -> (artifact id: '07d56f94a70e3fe0ad4a0aa83cb42eaf') in 0.061263 seconds
  Import took 0.065406 seconds .

========================================================================
Received Prepare
Registering precompiled user dll's ...
Registered in 0.001774 seconds.
Begin MonoManager ReloadAssembly
Native extension for LinuxStandalone target not found
Native extension for WebGL target not found
Refreshing native plugins compatible for Editor in 0.65 ms, found 1 plugins.
Preloading 0 native plugins for Editor in 0.00 ms.
Invoked RoslynAnalysisRunner static constructor.
RoslynAnalysisRunner will not be running.
RoslynAnalysisRunner has terminated.
Mono: successfully reloaded assembly
- Completed reload, in  1.065 seconds
Platform modules already initialized, skipping
Refreshing native plugins compatible for Editor in 0.44 ms, found 1 plugins.
Preloading 0 native plugins for Editor in 0.00 ms.
Unloading 1841 Unused Serialized files (Serialized files now loaded: 0)
System memory in use before: 100.7 MB.
System memory in use after: 100.7 MB.

Unloading 19 unused Assets to reduce memory usage. Loaded Objects now: 2363.
Total: 3.693310 ms (FindLiveObjects: 0.216120 ms CreateObjectMapping: 0.083677 ms MarkObjects: 3.129711 ms  DeleteObjects: 0.177997 ms)

========================================================================
Received Import Request.
  Time since last request: 22.154977 seconds.
  path: Assets/Prefabs/Main Menu.prefab
  artifactKey: Guid(ea0296d3703ec4bfa9bbae30dd290df0) Importer(815301076,1909f56bfc062723c751e8b465ee728b)
Start importing Assets/Prefabs/Main Menu.prefab using Guid(ea0296d3703ec4bfa9bbae30dd290df0) Importer(815301076,1909f56bfc062723c751e8b465ee728b)  -> (artifact id: '614b151d16ddd3c18a8a8d479db4ac6c') in 0.055463 seconds
  Import took 0.059595 seconds .

========================================================================
Received Import Request.
  Time since last request: 12.876952 seconds.
  path: Assets/Prefabs/Main Menu.prefab
  artifactKey: Guid(ea0296d3703ec4bfa9bbae30dd290df0) Importer(815301076,1909f56bfc062723c751e8b465ee728b)
Start importing Assets/Prefabs/Main Menu.prefab using Guid(ea0296d3703ec4bfa9bbae30dd290df0) Importer(815301076,1909f56bfc062723c751e8b465ee728b)  -> (artifact id: '2e0b2bf02f66cd3ea5f2f5e489495b65') in 0.007328 seconds
  Import took 0.011280 seconds .

========================================================================
Received Import Request.
  Time since last request: 46.591120 seconds.
  path: Assets/Prefabs/Main Menu.prefab
  artifactKey: Guid(ea0296d3703ec4bfa9bbae30dd290df0) Importer(815301076,1909f56bfc062723c751e8b465ee728b)
Start importing Assets/Prefabs/Main Menu.prefab using Guid(ea0296d3703ec4bfa9bbae30dd290df0) Importer(815301076,1909f56bfc062723c751e8b465ee728b)  -> (artifact id: '927bd9db7c64115d1b5fa31036602564') in 0.006942 seconds
  Import took 0.010828 seconds .

========================================================================
Received Import Request.
  Time since last request: 7.665585 seconds.
  path: Assets/Prefabs/Main Menu.prefab
  artifactKey: Guid(ea0296d3703ec4bfa9bbae30dd290df0) Importer(815301076,1909f56bfc062723c751e8b465ee728b)
Start importing Assets/Prefabs/Main Menu.prefab using Guid(ea0296d3703ec4bfa9bbae30dd290df0) Importer(815301076,1909f56bfc062723c751e8b465ee728b)  -> (artifact id: 'd762d787e4c3f6e67fb9380f645333af') in 0.015533 seconds
  Import took 0.024052 seconds .

========================================================================
Received Import Request.
  Time since last request: 18.335582 seconds.
  path: Assets/Prefabs/Main Menu.prefab
  artifactKey: Guid(ea0296d3703ec4bfa9bbae30dd290df0) Importer(815301076,1909f56bfc062723c751e8b465ee728b)
Start importing Assets/Prefabs/Main Menu.prefab using Guid(ea0296d3703ec4bfa9bbae30dd290df0) Importer(815301076,1909f56bfc062723c751e8b465ee728b)  -> (artifact id: 'e57e0f4b41c23b2e27c86cc6efafbbf3') in 0.006629 seconds
  Import took 0.010696 seconds .

========================================================================
Received Prepare
Registering precompiled user dll's ...
Registered in 0.001758 seconds.
Begin MonoManager ReloadAssembly
Native extension for LinuxStandalone target not found
Native extension for WebGL target not found
Refreshing native plugins compatible for Editor in 0.52 ms, found 1 plugins.
Preloading 0 native plugins for Editor in 0.00 ms.
Invoked RoslynAnalysisRunner static constructor.
RoslynAnalysisRunner will not be running.
RoslynAnalysisRunner has terminated.
Mono: successfully reloaded assembly
- Completed reload, in  1.057 seconds
Platform modules already initialized, skipping
Refreshing native plugins compatible for Editor in 0.43 ms, found 1 plugins.
Preloading 0 native plugins for Editor in 0.00 ms.
Unloading 1841 Unused Serialized files (Serialized files now loaded: 0)
System memory in use before: 100.7 MB.
System memory in use after: 100.7 MB.

Unloading 19 unused Assets to reduce memory usage. Loaded Objects now: 2366.
Total: 3.485171 ms (FindLiveObjects: 0.216155 ms CreateObjectMapping: 0.079387 ms MarkObjects: 3.016902 ms  DeleteObjects: 0.167233 ms)

========================================================================
Received Import Request.
  Time since last request: 76.811002 seconds.
  path: Assets/Prefabs/Main Menu.prefab
  artifactKey: Guid(ea0296d3703ec4bfa9bbae30dd290df0) Importer(815301076,1909f56bfc062723c751e8b465ee728b)
Start importing Assets/Prefabs/Main Menu.prefab using Guid(ea0296d3703ec4bfa9bbae30dd290df0) Importer(815301076,1909f56bfc062723c751e8b465ee728b)  -> (artifact id: '4d0c072b5b5d27c3f16bd6cbe4456986') in 0.051814 seconds
  Import took 0.055736 seconds .

========================================================================
Received Import Request.
  Time since last request: 3.328465 seconds.
  path: Assets/Prefabs/Main Menu.prefab
  artifactKey: Guid(ea0296d3703ec4bfa9bbae30dd290df0) Importer(815301076,1909f56bfc062723c751e8b465ee728b)
Start importing Assets/Prefabs/Main Menu.prefab using Guid(ea0296d3703ec4bfa9bbae30dd290df0) Importer(815301076,1909f56bfc062723c751e8b465ee728b)  -> (artifact id: '98e312da2bc30c5f4eee015b79b75c14') in 0.006251 seconds
  Import took 0.010326 seconds .

========================================================================
Received Prepare
Registering precompiled user dll's ...
Registered in 0.001808 seconds.
Begin MonoManager ReloadAssembly
Native extension for LinuxStandalone target not found
Native extension for WebGL target not found
Refreshing native plugins compatible for Editor in 0.42 ms, found 1 plugins.
Preloading 0 native plugins for Editor in 0.00 ms.
Invoked RoslynAnalysisRunner static constructor.
RoslynAnalysisRunner will not be running.
RoslynAnalysisRunner has terminated.
Mono: successfully reloaded assembly
- Completed reload, in  0.989 seconds
Platform modules already initialized, skipping
Refreshing native plugins compatible for Editor in 0.42 ms, found 1 plugins.
Preloading 0 native plugins for Editor in 0.00 ms.
Unloading 1841 Unused Serialized files (Serialized files now loaded: 0)
System memory in use before: 100.7 MB.
System memory in use after: 100.7 MB.

Unloading 19 unused Assets to reduce memory usage. Loaded Objects now: 2369.
Total: 3.134755 ms (FindLiveObjects: 0.210323 ms CreateObjectMapping: 0.076830 ms MarkObjects: 2.682263 ms  DeleteObjects: 0.160411 ms)

AssetImportWorkerClient::OnTransportError - code=2 error=End of file
